{"C:\\Users\\Pedro\\Desktop\\micro-saas\\WalletGuard\\src\\components\\ChartWrapper.tsx": {"path":"C:\\Users\\Pedro\\Desktop\\micro-saas\\WalletGuard\\src\\components\\ChartWrapper.tsx","statementMap":{"0":{"start":{"line":12,"column":57},"end":{"line":28,"column":null}},"1":{"start":{"line":18,"column":2},"end":{"line":26,"column":null}}},"fnMap":{"0":{"name":"(anonymous_0)","decl":{"start":{"line":12,"column":57},"end":{"line":12,"column":58}},"loc":{"start":{"line":17,"column":6},"end":{"line":28,"column":null}},"line":17}},"branchMap":{"0":{"loc":{"start":{"line":14,"column":2},"end":{"line":14,"column":null}},"type":"default-arg","locations":[{"start":{"line":14,"column":11},"end":{"line":14,"column":null}}],"line":14},"1":{"loc":{"start":{"line":20,"column":7},"end":{"line":21,"column":null}},"type":"binary-expr","locations":[{"start":{"line":20,"column":7},"end":{"line":20,"column":null}},{"start":{"line":21,"column":8},"end":{"line":21,"column":null}}],"line":20}},"s":{"0":0,"1":0},"f":{"0":0},"b":{"0":[0],"1":[0,0]},"meta":{"lastBranch":2,"lastFunction":1,"lastStatement":2,"seen":{"s:12:57:28:Infinity":0,"f:12:57:12:58":0,"b:14:11:14:Infinity":0,"s:18:2:26:Infinity":1,"b:20:7:20:Infinity:21:8:21:Infinity":1}}}
,"C:\\Users\\Pedro\\Desktop\\micro-saas\\WalletGuard\\src\\components\\auth\\RequireAuth.tsx": {"path":"C:\\Users\\Pedro\\Desktop\\micro-saas\\WalletGuard\\src\\components\\auth\\RequireAuth.tsx","statementMap":{"0":{"start":{"line":5,"column":68},"end":{"line":27,"column":null}},"1":{"start":{"line":8,"column":24},"end":{"line":8,"column":null}},"2":{"start":{"line":9,"column":8},"end":{"line":9,"column":null}},"3":{"start":{"line":11,"column":2},"end":{"line":20,"column":null}},"4":{"start":{"line":12,"column":4},"end":{"line":18,"column":null}},"5":{"start":{"line":22,"column":2},"end":{"line":24,"column":null}},"6":{"start":{"line":23,"column":4},"end":{"line":23,"column":null}},"7":{"start":{"line":26,"column":2},"end":{"line":26,"column":null}}},"fnMap":{"0":{"name":"(anonymous_0)","decl":{"start":{"line":5,"column":68},"end":{"line":5,"column":69}},"loc":{"start":{"line":7,"column":6},"end":{"line":27,"column":null}},"line":7}},"branchMap":{"0":{"loc":{"start":{"line":11,"column":2},"end":{"line":20,"column":null}},"type":"if","locations":[{"start":{"line":11,"column":2},"end":{"line":20,"column":null}},{"start":{},"end":{}}],"line":11},"1":{"loc":{"start":{"line":22,"column":2},"end":{"line":24,"column":null}},"type":"if","locations":[{"start":{"line":22,"column":2},"end":{"line":24,"column":null}},{"start":{},"end":{}}],"line":22}},"s":{"0":0,"1":0,"2":0,"3":0,"4":0,"5":0,"6":0,"7":0},"f":{"0":0},"b":{"0":[0,0],"1":[0,0]},"meta":{"lastBranch":2,"lastFunction":1,"lastStatement":8,"seen":{"s:5:68:27:Infinity":0,"f:5:68:5:69":0,"s:8:24:8:Infinity":1,"s:9:8:9:Infinity":2,"b:11:2:20:Infinity:undefined:undefined:undefined:undefined":0,"s:11:2:20:Infinity":3,"s:12:4:18:Infinity":4,"b:22:2:24:Infinity:undefined:undefined:undefined:undefined":1,"s:22:2:24:Infinity":5,"s:23:4:23:Infinity":6,"s:26:2:26:Infinity":7}}}
,"C:\\Users\\Pedro\\Desktop\\micro-saas\\WalletGuard\\src\\components\\bancos\\BancoForm.tsx": {"path":"C:\\Users\\Pedro\\Desktop\\micro-saas\\WalletGuard\\src\\components\\bancos\\BancoForm.tsx","statementMap":{"0":{"start":{"line":16,"column":51},"end":{"line":197,"column":null}},"1":{"start":{"line":21,"column":19},"end":{"line":21,"column":null}},"2":{"start":{"line":22,"column":30},"end":{"line":27,"column":null}},"3":{"start":{"line":29,"column":26},"end":{"line":29,"column":null}},"4":{"start":{"line":30,"column":28},"end":{"line":30,"column":null}},"5":{"start":{"line":32,"column":2},"end":{"line":41,"column":null}},"6":{"start":{"line":33,"column":4},"end":{"line":40,"column":null}},"7":{"start":{"line":34,"column":6},"end":{"line":39,"column":null}},"8":{"start":{"line":43,"column":19},"end":{"line":52,"column":null}},"9":{"start":{"line":44,"column":46},"end":{"line":44,"column":null}},"10":{"start":{"line":46,"column":4},"end":{"line":48,"column":null}},"11":{"start":{"line":47,"column":6},"end":{"line":47,"column":null}},"12":{"start":{"line":50,"column":4},"end":{"line":50,"column":null}},"13":{"start":{"line":51,"column":4},"end":{"line":51,"column":null}},"14":{"start":{"line":54,"column":23},"end":{"line":75,"column":null}},"15":{"start":{"line":55,"column":4},"end":{"line":55,"column":null}},"16":{"start":{"line":57,"column":4},"end":{"line":59,"column":null}},"17":{"start":{"line":58,"column":6},"end":{"line":58,"column":null}},"18":{"start":{"line":61,"column":4},"end":{"line":61,"column":null}},"19":{"start":{"line":62,"column":4},"end":{"line":74,"column":null}},"20":{"start":{"line":64,"column":27},"end":{"line":67,"column":null}},"21":{"start":{"line":68,"column":6},"end":{"line":68,"column":null}},"22":{"start":{"line":70,"column":6},"end":{"line":70,"column":null}},"23":{"start":{"line":71,"column":6},"end":{"line":71,"column":null}},"24":{"start":{"line":73,"column":6},"end":{"line":73,"column":null}},"25":{"start":{"line":77,"column":2},"end":{"line":195,"column":null}},"26":{"start":{"line":99,"column":29},"end":{"line":99,"column":null}},"27":{"start":{"line":114,"column":16},"end":{"line":120,"column":null}},"28":{"start":{"line":125,"column":16},"end":{"line":127,"column":null}},"29":{"start":{"line":139,"column":16},"end":{"line":150,"column":null}},"30":{"start":{"line":142,"column":33},"end":{"line":142,"column":null}},"31":{"start":{"line":155,"column":39},"end":{"line":155,"column":65}},"32":{"start":{"line":166,"column":14},"end":{"line":169,"column":null}}},"fnMap":{"0":{"name":"(anonymous_0)","decl":{"start":{"line":16,"column":51},"end":{"line":16,"column":52}},"loc":{"start":{"line":20,"column":6},"end":{"line":197,"column":null}},"line":20},"1":{"name":"(anonymous_1)","decl":{"start":{"line":32,"column":12},"end":{"line":32,"column":18}},"loc":{"start":{"line":32,"column":18},"end":{"line":41,"column":5}},"line":32},"2":{"name":"(anonymous_2)","decl":{"start":{"line":43,"column":19},"end":{"line":43,"column":34}},"loc":{"start":{"line":43,"column":34},"end":{"line":52,"column":null}},"line":43},"3":{"name":"(anonymous_3)","decl":{"start":{"line":54,"column":23},"end":{"line":54,"column":30}},"loc":{"start":{"line":54,"column":53},"end":{"line":75,"column":null}},"line":54},"4":{"name":"(anonymous_4)","decl":{"start":{"line":99,"column":22},"end":{"line":99,"column":23}},"loc":{"start":{"line":99,"column":29},"end":{"line":99,"column":null}},"line":99},"5":{"name":"(anonymous_5)","decl":{"start":{"line":113,"column":24},"end":{"line":113,"column":25}},"loc":{"start":{"line":114,"column":16},"end":{"line":120,"column":null}},"line":114},"6":{"name":"(anonymous_6)","decl":{"start":{"line":124,"column":31},"end":{"line":124,"column":32}},"loc":{"start":{"line":125,"column":16},"end":{"line":127,"column":null}},"line":125},"7":{"name":"(anonymous_7)","decl":{"start":{"line":138,"column":31},"end":{"line":138,"column":32}},"loc":{"start":{"line":139,"column":16},"end":{"line":150,"column":null}},"line":139},"8":{"name":"(anonymous_8)","decl":{"start":{"line":142,"column":27},"end":{"line":142,"column":33}},"loc":{"start":{"line":142,"column":33},"end":{"line":142,"column":null}},"line":142},"9":{"name":"(anonymous_9)","decl":{"start":{"line":155,"column":32},"end":{"line":155,"column":33}},"loc":{"start":{"line":155,"column":39},"end":{"line":155,"column":65}},"line":155},"10":{"name":"(anonymous_10)","decl":{"start":{"line":165,"column":22},"end":{"line":165,"column":23}},"loc":{"start":{"line":166,"column":14},"end":{"line":169,"column":null}},"line":166}},"branchMap":{"0":{"loc":{"start":{"line":33,"column":4},"end":{"line":40,"column":null}},"type":"if","locations":[{"start":{"line":33,"column":4},"end":{"line":40,"column":null}},{"start":{},"end":{}}],"line":33},"1":{"loc":{"start":{"line":46,"column":4},"end":{"line":48,"column":null}},"type":"if","locations":[{"start":{"line":46,"column":4},"end":{"line":48,"column":null}},{"start":{},"end":{}}],"line":46},"2":{"loc":{"start":{"line":57,"column":4},"end":{"line":59,"column":null}},"type":"if","locations":[{"start":{"line":57,"column":4},"end":{"line":59,"column":null}},{"start":{},"end":{}}],"line":57},"3":{"loc":{"start":{"line":66,"column":17},"end":{"line":66,"column":null}},"type":"binary-expr","locations":[{"start":{"line":66,"column":17},"end":{"line":66,"column":56}},{"start":{"line":66,"column":56},"end":{"line":66,"column":null}}],"line":66},"4":{"loc":{"start":{"line":83,"column":13},"end":{"line":83,"column":null}},"type":"cond-expr","locations":[{"start":{"line":83,"column":21},"end":{"line":83,"column":38}},{"start":{"line":83,"column":38},"end":{"line":83,"column":null}}],"line":83},"5":{"loc":{"start":{"line":144,"column":20},"end":{"line":146,"column":null}},"type":"cond-expr","locations":[{"start":{"line":145,"column":24},"end":{"line":145,"column":null}},{"start":{"line":146,"column":24},"end":{"line":146,"column":null}}],"line":144},"6":{"loc":{"start":{"line":168,"column":25},"end":{"line":168,"column":null}},"type":"binary-expr","locations":[{"start":{"line":168,"column":25},"end":{"line":168,"column":55}},{"start":{"line":168,"column":55},"end":{"line":168,"column":null}}],"line":168},"7":{"loc":{"start":{"line":178,"column":15},"end":{"line":182,"column":null}},"type":"cond-expr","locations":[{"start":{"line":179,"column":18},"end":{"line":179,"column":null}},{"start":{"line":180,"column":18},"end":{"line":182,"column":null}}],"line":178},"8":{"loc":{"start":{"line":180,"column":18},"end":{"line":182,"column":null}},"type":"cond-expr","locations":[{"start":{"line":181,"column":20},"end":{"line":181,"column":null}},{"start":{"line":182,"column":20},"end":{"line":182,"column":null}}],"line":180}},"s":{"0":0,"1":0,"2":0,"3":0,"4":0,"5":0,"6":0,"7":0,"8":0,"9":0,"10":0,"11":0,"12":0,"13":0,"14":0,"15":0,"16":0,"17":0,"18":0,"19":0,"20":0,"21":0,"22":0,"23":0,"24":0,"25":0,"26":0,"27":0,"28":0,"29":0,"30":0,"31":0,"32":0},"f":{"0":0,"1":0,"2":0,"3":0,"4":0,"5":0,"6":0,"7":0,"8":0,"9":0,"10":0},"b":{"0":[0,0],"1":[0,0],"2":[0,0],"3":[0,0],"4":[0,0],"5":[0,0],"6":[0,0],"7":[0,0],"8":[0,0]},"meta":{"lastBranch":9,"lastFunction":11,"lastStatement":33,"seen":{"s:16:51:197:Infinity":0,"f:16:51:16:52":0,"s:21:19:21:Infinity":1,"s:22:30:27:Infinity":2,"s:29:26:29:Infinity":3,"s:30:28:30:Infinity":4,"s:32:2:41:Infinity":5,"f:32:12:32:18":1,"b:33:4:40:Infinity:undefined:undefined:undefined:undefined":0,"s:33:4:40:Infinity":6,"s:34:6:39:Infinity":7,"s:43:19:52:Infinity":8,"f:43:19:43:34":2,"s:44:46:44:Infinity":9,"b:46:4:48:Infinity:undefined:undefined:undefined:undefined":1,"s:46:4:48:Infinity":10,"s:47:6:47:Infinity":11,"s:50:4:50:Infinity":12,"s:51:4:51:Infinity":13,"s:54:23:75:Infinity":14,"f:54:23:54:30":3,"s:55:4:55:Infinity":15,"b:57:4:59:Infinity:undefined:undefined:undefined:undefined":2,"s:57:4:59:Infinity":16,"s:58:6:58:Infinity":17,"s:61:4:61:Infinity":18,"s:62:4:74:Infinity":19,"s:64:27:67:Infinity":20,"b:66:17:66:56:66:56:66:Infinity":3,"s:68:6:68:Infinity":21,"s:70:6:70:Infinity":22,"s:71:6:71:Infinity":23,"s:73:6:73:Infinity":24,"s:77:2:195:Infinity":25,"b:83:21:83:38:83:38:83:Infinity":4,"f:99:22:99:23":4,"s:99:29:99:Infinity":26,"f:113:24:113:25":5,"s:114:16:120:Infinity":27,"f:124:31:124:32":6,"s:125:16:127:Infinity":28,"f:138:31:138:32":7,"s:139:16:150:Infinity":29,"f:142:27:142:33":8,"s:142:33:142:Infinity":30,"b:145:24:145:Infinity:146:24:146:Infinity":5,"f:155:32:155:33":9,"s:155:39:155:65":31,"f:165:22:165:23":10,"s:166:14:169:Infinity":32,"b:168:25:168:55:168:55:168:Infinity":6,"b:179:18:179:Infinity:180:18:182:Infinity":7,"b:181:20:181:Infinity:182:20:182:Infinity":8}}}
,"C:\\Users\\Pedro\\Desktop\\micro-saas\\WalletGuard\\src\\components\\cartoes\\CardExpenseForm.tsx": {"path":"C:\\Users\\Pedro\\Desktop\\micro-saas\\WalletGuard\\src\\components\\cartoes\\CardExpenseForm.tsx","statementMap":{"0":{"start":{"line":13,"column":19},"end":{"line":23,"column":null}},"1":{"start":{"line":25,"column":63},"end":{"line":184,"column":null}},"2":{"start":{"line":30,"column":30},"end":{"line":36,"column":null}},"3":{"start":{"line":37,"column":34},"end":{"line":37,"column":null}},"4":{"start":{"line":39,"column":23},"end":{"line":53,"column":null}},"5":{"start":{"line":40,"column":4},"end":{"line":40,"column":null}},"6":{"start":{"line":41,"column":4},"end":{"line":52,"column":null}},"7":{"start":{"line":42,"column":6},"end":{"line":42,"column":null}},"8":{"start":{"line":44,"column":6},"end":{"line":47,"column":null}},"9":{"start":{"line":49,"column":6},"end":{"line":49,"column":null}},"10":{"start":{"line":51,"column":6},"end":{"line":51,"column":null}},"11":{"start":{"line":55,"column":2},"end":{"line":182,"column":null}},"12":{"start":{"line":85,"column":14},"end":{"line":85,"column":null}},"13":{"start":{"line":98,"column":14},"end":{"line":98,"column":null}},"14":{"start":{"line":114,"column":16},"end":{"line":114,"column":null}},"15":{"start":{"line":126,"column":16},"end":{"line":129,"column":null}},"16":{"start":{"line":143,"column":14},"end":{"line":143,"column":null}},"17":{"start":{"line":145,"column":44},"end":{"line":145,"column":67}}},"fnMap":{"0":{"name":"(anonymous_0)","decl":{"start":{"line":25,"column":63},"end":{"line":25,"column":64}},"loc":{"start":{"line":28,"column":6},"end":{"line":184,"column":null}},"line":28},"1":{"name":"(anonymous_1)","decl":{"start":{"line":39,"column":23},"end":{"line":39,"column":30}},"loc":{"start":{"line":39,"column":53},"end":{"line":53,"column":null}},"line":39},"2":{"name":"(anonymous_2)","decl":{"start":{"line":84,"column":22},"end":{"line":84,"column":23}},"loc":{"start":{"line":85,"column":14},"end":{"line":85,"column":null}},"line":85},"3":{"name":"(anonymous_3)","decl":{"start":{"line":97,"column":22},"end":{"line":97,"column":23}},"loc":{"start":{"line":98,"column":14},"end":{"line":98,"column":null}},"line":98},"4":{"name":"(anonymous_4)","decl":{"start":{"line":113,"column":24},"end":{"line":113,"column":25}},"loc":{"start":{"line":114,"column":16},"end":{"line":114,"column":null}},"line":114},"5":{"name":"(anonymous_5)","decl":{"start":{"line":125,"column":24},"end":{"line":125,"column":25}},"loc":{"start":{"line":126,"column":16},"end":{"line":129,"column":null}},"line":126},"6":{"name":"(anonymous_6)","decl":{"start":{"line":142,"column":22},"end":{"line":142,"column":23}},"loc":{"start":{"line":143,"column":14},"end":{"line":143,"column":null}},"line":143},"7":{"name":"(anonymous_7)","decl":{"start":{"line":145,"column":36},"end":{"line":145,"column":37}},"loc":{"start":{"line":145,"column":44},"end":{"line":145,"column":67}},"line":145}},"branchMap":{"0":{"loc":{"start":{"line":148,"column":11},"end":{"line":158,"column":null}},"type":"binary-expr","locations":[{"start":{"line":148,"column":11},"end":{"line":148,"column":40}},{"start":{"line":148,"column":40},"end":{"line":148,"column":null}},{"start":{"line":149,"column":12},"end":{"line":158,"column":null}}],"line":148}},"s":{"0":0,"1":0,"2":0,"3":0,"4":0,"5":0,"6":0,"7":0,"8":0,"9":0,"10":0,"11":0,"12":0,"13":0,"14":0,"15":0,"16":0,"17":0},"f":{"0":0,"1":0,"2":0,"3":0,"4":0,"5":0,"6":0,"7":0},"b":{"0":[0,0,0]},"meta":{"lastBranch":1,"lastFunction":8,"lastStatement":18,"seen":{"s:13:19:23:Infinity":0,"s:25:63:184:Infinity":1,"f:25:63:25:64":0,"s:30:30:36:Infinity":2,"s:37:34:37:Infinity":3,"s:39:23:53:Infinity":4,"f:39:23:39:30":1,"s:40:4:40:Infinity":5,"s:41:4:52:Infinity":6,"s:42:6:42:Infinity":7,"s:44:6:47:Infinity":8,"s:49:6:49:Infinity":9,"s:51:6:51:Infinity":10,"s:55:2:182:Infinity":11,"f:84:22:84:23":2,"s:85:14:85:Infinity":12,"f:97:22:97:23":3,"s:98:14:98:Infinity":13,"f:113:24:113:25":4,"s:114:16:114:Infinity":14,"f:125:24:125:25":5,"s:126:16:129:Infinity":15,"f:142:22:142:23":6,"s:143:14:143:Infinity":16,"f:145:36:145:37":7,"s:145:44:145:67":17,"b:148:11:148:40:148:40:148:Infinity:149:12:158:Infinity":0}}}
,"C:\\Users\\Pedro\\Desktop\\micro-saas\\WalletGuard\\src\\components\\cartoes\\CardForm.tsx": {"path":"C:\\Users\\Pedro\\Desktop\\micro-saas\\WalletGuard\\src\\components\\cartoes\\CardForm.tsx","statementMap":{"0":{"start":{"line":15,"column":49},"end":{"line":235,"column":null}},"1":{"start":{"line":20,"column":30},"end":{"line":28,"column":null}},"2":{"start":{"line":29,"column":26},"end":{"line":29,"column":null}},"3":{"start":{"line":30,"column":28},"end":{"line":30,"column":null}},"4":{"start":{"line":31,"column":34},"end":{"line":31,"column":null}},"5":{"start":{"line":33,"column":2},"end":{"line":46,"column":null}},"6":{"start":{"line":34,"column":4},"end":{"line":34,"column":null}},"7":{"start":{"line":35,"column":4},"end":{"line":45,"column":null}},"8":{"start":{"line":36,"column":6},"end":{"line":44,"column":null}},"9":{"start":{"line":48,"column":21},"end":{"line":58,"column":null}},"10":{"start":{"line":49,"column":4},"end":{"line":57,"column":null}},"11":{"start":{"line":50,"column":6},"end":{"line":50,"column":null}},"12":{"start":{"line":51,"column":19},"end":{"line":51,"column":null}},"13":{"start":{"line":52,"column":6},"end":{"line":52,"column":null}},"14":{"start":{"line":54,"column":6},"end":{"line":54,"column":null}},"15":{"start":{"line":56,"column":6},"end":{"line":56,"column":null}},"16":{"start":{"line":60,"column":23},"end":{"line":70,"column":null}},"17":{"start":{"line":61,"column":4},"end":{"line":61,"column":null}},"18":{"start":{"line":62,"column":4},"end":{"line":69,"column":null}},"19":{"start":{"line":63,"column":6},"end":{"line":63,"column":null}},"20":{"start":{"line":64,"column":6},"end":{"line":64,"column":null}},"21":{"start":{"line":66,"column":6},"end":{"line":66,"column":null}},"22":{"start":{"line":68,"column":6},"end":{"line":68,"column":null}},"23":{"start":{"line":72,"column":27},"end":{"line":80,"column":null}},"24":{"start":{"line":73,"column":25},"end":{"line":73,"column":null}},"25":{"start":{"line":73,"column":44},"end":{"line":73,"column":59}},"26":{"start":{"line":74,"column":4},"end":{"line":79,"column":null}},"27":{"start":{"line":74,"column":27},"end":{"line":79,"column":6}},"28":{"start":{"line":82,"column":2},"end":{"line":233,"column":null}},"29":{"start":{"line":113,"column":31},"end":{"line":113,"column":null}},"30":{"start":{"line":123,"column":16},"end":{"line":125,"column":null}},"31":{"start":{"line":134,"column":29},"end":{"line":134,"column":null}},"32":{"start":{"line":146,"column":14},"end":{"line":146,"column":null}},"33":{"start":{"line":161,"column":16},"end":{"line":164,"column":null}},"34":{"start":{"line":177,"column":16},"end":{"line":177,"column":null}},"35":{"start":{"line":203,"column":16},"end":{"line":213,"column":null}},"36":{"start":{"line":206,"column":33},"end":{"line":206,"column":null}}},"fnMap":{"0":{"name":"(anonymous_0)","decl":{"start":{"line":15,"column":49},"end":{"line":15,"column":50}},"loc":{"start":{"line":19,"column":6},"end":{"line":235,"column":null}},"line":19},"1":{"name":"(anonymous_1)","decl":{"start":{"line":33,"column":12},"end":{"line":33,"column":18}},"loc":{"start":{"line":33,"column":18},"end":{"line":46,"column":5}},"line":33},"2":{"name":"(anonymous_2)","decl":{"start":{"line":48,"column":21},"end":{"line":48,"column":33}},"loc":{"start":{"line":48,"column":33},"end":{"line":58,"column":null}},"line":48},"3":{"name":"(anonymous_3)","decl":{"start":{"line":60,"column":23},"end":{"line":60,"column":30}},"loc":{"start":{"line":60,"column":53},"end":{"line":70,"column":null}},"line":60},"4":{"name":"(anonymous_4)","decl":{"start":{"line":72,"column":27},"end":{"line":72,"column":28}},"loc":{"start":{"line":72,"column":47},"end":{"line":80,"column":null}},"line":72},"5":{"name":"(anonymous_5)","decl":{"start":{"line":73,"column":37},"end":{"line":73,"column":38}},"loc":{"start":{"line":73,"column":44},"end":{"line":73,"column":59}},"line":73},"6":{"name":"(anonymous_6)","decl":{"start":{"line":74,"column":16},"end":{"line":74,"column":17}},"loc":{"start":{"line":74,"column":27},"end":{"line":79,"column":6}},"line":74},"7":{"name":"(anonymous_7)","decl":{"start":{"line":113,"column":24},"end":{"line":113,"column":25}},"loc":{"start":{"line":113,"column":31},"end":{"line":113,"column":null}},"line":113},"8":{"name":"(anonymous_8)","decl":{"start":{"line":122,"column":26},"end":{"line":122,"column":27}},"loc":{"start":{"line":123,"column":16},"end":{"line":125,"column":null}},"line":123},"9":{"name":"(anonymous_9)","decl":{"start":{"line":134,"column":22},"end":{"line":134,"column":23}},"loc":{"start":{"line":134,"column":29},"end":{"line":134,"column":null}},"line":134},"10":{"name":"(anonymous_10)","decl":{"start":{"line":145,"column":22},"end":{"line":145,"column":23}},"loc":{"start":{"line":146,"column":14},"end":{"line":146,"column":null}},"line":146},"11":{"name":"(anonymous_11)","decl":{"start":{"line":160,"column":24},"end":{"line":160,"column":25}},"loc":{"start":{"line":161,"column":16},"end":{"line":164,"column":null}},"line":161},"12":{"name":"(anonymous_12)","decl":{"start":{"line":176,"column":24},"end":{"line":176,"column":25}},"loc":{"start":{"line":177,"column":16},"end":{"line":177,"column":null}},"line":177},"13":{"name":"(anonymous_13)","decl":{"start":{"line":202,"column":20},"end":{"line":202,"column":21}},"loc":{"start":{"line":203,"column":16},"end":{"line":213,"column":null}},"line":203},"14":{"name":"(anonymous_14)","decl":{"start":{"line":206,"column":27},"end":{"line":206,"column":33}},"loc":{"start":{"line":206,"column":33},"end":{"line":206,"column":null}},"line":206}},"branchMap":{"0":{"loc":{"start":{"line":35,"column":4},"end":{"line":45,"column":null}},"type":"if","locations":[{"start":{"line":35,"column":4},"end":{"line":45,"column":null}},{"start":{},"end":{}}],"line":35},"1":{"loc":{"start":{"line":38,"column":17},"end":{"line":38,"column":null}},"type":"binary-expr","locations":[{"start":{"line":38,"column":17},"end":{"line":38,"column":33}},{"start":{"line":38,"column":33},"end":{"line":38,"column":null}}],"line":38},"2":{"loc":{"start":{"line":42,"column":15},"end":{"line":42,"column":null}},"type":"binary-expr","locations":[{"start":{"line":42,"column":15},"end":{"line":42,"column":29}},{"start":{"line":42,"column":29},"end":{"line":42,"column":null}}],"line":42},"3":{"loc":{"start":{"line":43,"column":15},"end":{"line":43,"column":null}},"type":"binary-expr","locations":[{"start":{"line":43,"column":15},"end":{"line":43,"column":29}},{"start":{"line":43,"column":29},"end":{"line":43,"column":null}}],"line":43},"4":{"loc":{"start":{"line":77,"column":13},"end":{"line":77,"column":null}},"type":"binary-expr","locations":[{"start":{"line":77,"column":13},"end":{"line":77,"column":36}},{"start":{"line":77,"column":36},"end":{"line":77,"column":null}}],"line":77},"5":{"loc":{"start":{"line":78,"column":12},"end":{"line":78,"column":null}},"type":"binary-expr","locations":[{"start":{"line":78,"column":12},"end":{"line":78,"column":25}},{"start":{"line":78,"column":25},"end":{"line":78,"column":47}},{"start":{"line":78,"column":47},"end":{"line":78,"column":null}}],"line":78},"6":{"loc":{"start":{"line":92,"column":13},"end":{"line":92,"column":null}},"type":"cond-expr","locations":[{"start":{"line":92,"column":20},"end":{"line":92,"column":38}},{"start":{"line":92,"column":38},"end":{"line":92,"column":null}}],"line":92},"7":{"loc":{"start":{"line":118,"column":17},"end":{"line":120,"column":null}},"type":"cond-expr","locations":[{"start":{"line":119,"column":20},"end":{"line":119,"column":null}},{"start":{"line":120,"column":20},"end":{"line":120,"column":null}}],"line":118},"8":{"loc":{"start":{"line":208,"column":20},"end":{"line":210,"column":null}},"type":"cond-expr","locations":[{"start":{"line":209,"column":24},"end":{"line":209,"column":null}},{"start":{"line":210,"column":24},"end":{"line":210,"column":null}}],"line":208}},"s":{"0":0,"1":0,"2":0,"3":0,"4":0,"5":0,"6":0,"7":0,"8":0,"9":0,"10":0,"11":0,"12":0,"13":0,"14":0,"15":0,"16":0,"17":0,"18":0,"19":0,"20":0,"21":0,"22":0,"23":0,"24":0,"25":0,"26":0,"27":0,"28":0,"29":0,"30":0,"31":0,"32":0,"33":0,"34":0,"35":0,"36":0},"f":{"0":0,"1":0,"2":0,"3":0,"4":0,"5":0,"6":0,"7":0,"8":0,"9":0,"10":0,"11":0,"12":0,"13":0,"14":0},"b":{"0":[0,0],"1":[0,0],"2":[0,0],"3":[0,0],"4":[0,0],"5":[0,0,0],"6":[0,0],"7":[0,0],"8":[0,0]},"meta":{"lastBranch":9,"lastFunction":15,"lastStatement":37,"seen":{"s:15:49:235:Infinity":0,"f:15:49:15:50":0,"s:20:30:28:Infinity":1,"s:29:26:29:Infinity":2,"s:30:28:30:Infinity":3,"s:31:34:31:Infinity":4,"s:33:2:46:Infinity":5,"f:33:12:33:18":1,"s:34:4:34:Infinity":6,"b:35:4:45:Infinity:undefined:undefined:undefined:undefined":0,"s:35:4:45:Infinity":7,"s:36:6:44:Infinity":8,"b:38:17:38:33:38:33:38:Infinity":1,"b:42:15:42:29:42:29:42:Infinity":2,"b:43:15:43:29:43:29:43:Infinity":3,"s:48:21:58:Infinity":9,"f:48:21:48:33":2,"s:49:4:57:Infinity":10,"s:50:6:50:Infinity":11,"s:51:19:51:Infinity":12,"s:52:6:52:Infinity":13,"s:54:6:54:Infinity":14,"s:56:6:56:Infinity":15,"s:60:23:70:Infinity":16,"f:60:23:60:30":3,"s:61:4:61:Infinity":17,"s:62:4:69:Infinity":18,"s:63:6:63:Infinity":19,"s:64:6:64:Infinity":20,"s:66:6:66:Infinity":21,"s:68:6:68:Infinity":22,"s:72:27:80:Infinity":23,"f:72:27:72:28":4,"s:73:25:73:Infinity":24,"f:73:37:73:38":5,"s:73:44:73:59":25,"s:74:4:79:Infinity":26,"f:74:16:74:17":6,"s:74:27:79:6":27,"b:77:13:77:36:77:36:77:Infinity":4,"b:78:12:78:25:78:25:78:47:78:47:78:Infinity":5,"s:82:2:233:Infinity":28,"b:92:20:92:38:92:38:92:Infinity":6,"f:113:24:113:25":7,"s:113:31:113:Infinity":29,"b:119:20:119:Infinity:120:20:120:Infinity":7,"f:122:26:122:27":8,"s:123:16:125:Infinity":30,"f:134:22:134:23":9,"s:134:29:134:Infinity":31,"f:145:22:145:23":10,"s:146:14:146:Infinity":32,"f:160:24:160:25":11,"s:161:16:164:Infinity":33,"f:176:24:176:25":12,"s:177:16:177:Infinity":34,"f:202:20:202:21":13,"s:203:16:213:Infinity":35,"f:206:27:206:33":14,"s:206:33:206:Infinity":36,"b:209:24:209:Infinity:210:24:210:Infinity":8}}}
,"C:\\Users\\Pedro\\Desktop\\micro-saas\\WalletGuard\\src\\components\\despesas\\DespesaFilters.tsx": {"path":"C:\\Users\\Pedro\\Desktop\\micro-saas\\WalletGuard\\src\\components\\despesas\\DespesaFilters.tsx","statementMap":{"0":{"start":{"line":11,"column":70},"end":{"line":141,"column":null}},"1":{"start":{"line":15,"column":29},"end":{"line":17,"column":null}},"2":{"start":{"line":16,"column":4},"end":{"line":16,"column":null}},"3":{"start":{"line":19,"column":27},"end":{"line":21,"column":null}},"4":{"start":{"line":20,"column":13},"end":{"line":20,"column":null}},"5":{"start":{"line":23,"column":2},"end":{"line":139,"column":null}},"6":{"start":{"line":40,"column":16},"end":{"line":40,"column":null}},"7":{"start":{"line":57,"column":14},"end":{"line":57,"column":null}},"8":{"start":{"line":72,"column":14},"end":{"line":72,"column":null}},"9":{"start":{"line":86,"column":14},"end":{"line":89,"column":null}},"10":{"start":{"line":95,"column":14},"end":{"line":97,"column":null}},"11":{"start":{"line":110,"column":14},"end":{"line":113,"column":null}},"12":{"start":{"line":119,"column":14},"end":{"line":121,"column":null}}},"fnMap":{"0":{"name":"(anonymous_0)","decl":{"start":{"line":11,"column":70},"end":{"line":11,"column":71}},"loc":{"start":{"line":14,"column":6},"end":{"line":141,"column":null}},"line":14},"1":{"name":"(anonymous_1)","decl":{"start":{"line":15,"column":29},"end":{"line":15,"column":35}},"loc":{"start":{"line":15,"column":35},"end":{"line":17,"column":null}},"line":15},"2":{"name":"(anonymous_2)","decl":{"start":{"line":20,"column":4},"end":{"line":20,"column":5}},"loc":{"start":{"line":20,"column":13},"end":{"line":20,"column":null}},"line":20},"3":{"name":"(anonymous_3)","decl":{"start":{"line":39,"column":24},"end":{"line":39,"column":25}},"loc":{"start":{"line":40,"column":16},"end":{"line":40,"column":null}},"line":40},"4":{"name":"(anonymous_4)","decl":{"start":{"line":56,"column":22},"end":{"line":56,"column":23}},"loc":{"start":{"line":57,"column":14},"end":{"line":57,"column":null}},"line":57},"5":{"name":"(anonymous_5)","decl":{"start":{"line":71,"column":22},"end":{"line":71,"column":23}},"loc":{"start":{"line":72,"column":14},"end":{"line":72,"column":null}},"line":72},"6":{"name":"(anonymous_6)","decl":{"start":{"line":85,"column":22},"end":{"line":85,"column":23}},"loc":{"start":{"line":86,"column":14},"end":{"line":89,"column":null}},"line":86},"7":{"name":"(anonymous_7)","decl":{"start":{"line":94,"column":36},"end":{"line":94,"column":37}},"loc":{"start":{"line":95,"column":14},"end":{"line":97,"column":null}},"line":95},"8":{"name":"(anonymous_8)","decl":{"start":{"line":109,"column":22},"end":{"line":109,"column":23}},"loc":{"start":{"line":110,"column":14},"end":{"line":113,"column":null}},"line":110},"9":{"name":"(anonymous_9)","decl":{"start":{"line":118,"column":31},"end":{"line":118,"column":32}},"loc":{"start":{"line":119,"column":14},"end":{"line":121,"column":null}},"line":119}},"branchMap":{"0":{"loc":{"start":{"line":38,"column":21},"end":{"line":38,"column":null}},"type":"binary-expr","locations":[{"start":{"line":38,"column":21},"end":{"line":38,"column":39}},{"start":{"line":38,"column":39},"end":{"line":38,"column":null}}],"line":38},"1":{"loc":{"start":{"line":55,"column":19},"end":{"line":55,"column":null}},"type":"binary-expr","locations":[{"start":{"line":55,"column":19},"end":{"line":55,"column":41}},{"start":{"line":55,"column":41},"end":{"line":55,"column":null}}],"line":55},"2":{"loc":{"start":{"line":70,"column":19},"end":{"line":70,"column":null}},"type":"binary-expr","locations":[{"start":{"line":70,"column":19},"end":{"line":70,"column":38}},{"start":{"line":70,"column":38},"end":{"line":70,"column":null}}],"line":70},"3":{"loc":{"start":{"line":84,"column":19},"end":{"line":84,"column":null}},"type":"binary-expr","locations":[{"start":{"line":84,"column":19},"end":{"line":84,"column":40}},{"start":{"line":84,"column":40},"end":{"line":84,"column":null}}],"line":84},"4":{"loc":{"start":{"line":88,"column":27},"end":{"line":88,"column":null}},"type":"binary-expr","locations":[{"start":{"line":88,"column":27},"end":{"line":88,"column":45}},{"start":{"line":88,"column":45},"end":{"line":88,"column":null}}],"line":88},"5":{"loc":{"start":{"line":108,"column":19},"end":{"line":108,"column":null}},"type":"binary-expr","locations":[{"start":{"line":108,"column":19},"end":{"line":108,"column":35}},{"start":{"line":108,"column":35},"end":{"line":108,"column":null}}],"line":108},"6":{"loc":{"start":{"line":127,"column":9},"end":{"line":136,"column":null}},"type":"binary-expr","locations":[{"start":{"line":127,"column":9},"end":{"line":127,"column":null}},{"start":{"line":128,"column":10},"end":{"line":136,"column":null}}],"line":127}},"s":{"0":0,"1":0,"2":0,"3":0,"4":0,"5":0,"6":0,"7":0,"8":0,"9":0,"10":0,"11":0,"12":0},"f":{"0":0,"1":0,"2":0,"3":0,"4":0,"5":0,"6":0,"7":0,"8":0,"9":0},"b":{"0":[0,0],"1":[0,0],"2":[0,0],"3":[0,0],"4":[0,0],"5":[0,0],"6":[0,0]},"meta":{"lastBranch":7,"lastFunction":10,"lastStatement":13,"seen":{"s:11:70:141:Infinity":0,"f:11:70:11:71":0,"s:15:29:17:Infinity":1,"f:15:29:15:35":1,"s:16:4:16:Infinity":2,"s:19:27:21:Infinity":3,"f:20:4:20:5":2,"s:20:13:20:Infinity":4,"s:23:2:139:Infinity":5,"b:38:21:38:39:38:39:38:Infinity":0,"f:39:24:39:25":3,"s:40:16:40:Infinity":6,"b:55:19:55:41:55:41:55:Infinity":1,"f:56:22:56:23":4,"s:57:14:57:Infinity":7,"b:70:19:70:38:70:38:70:Infinity":2,"f:71:22:71:23":5,"s:72:14:72:Infinity":8,"b:84:19:84:40:84:40:84:Infinity":3,"f:85:22:85:23":6,"s:86:14:89:Infinity":9,"b:88:27:88:45:88:45:88:Infinity":4,"f:94:36:94:37":7,"s:95:14:97:Infinity":10,"b:108:19:108:35:108:35:108:Infinity":5,"f:109:22:109:23":8,"s:110:14:113:Infinity":11,"f:118:31:118:32":9,"s:119:14:121:Infinity":12,"b:127:9:127:Infinity:128:10:136:Infinity":6}}}
,"C:\\Users\\Pedro\\Desktop\\micro-saas\\WalletGuard\\src\\components\\despesas\\DespesaForm.tsx": {"path":"C:\\Users\\Pedro\\Desktop\\micro-saas\\WalletGuard\\src\\components\\despesas\\DespesaForm.tsx","statementMap":{"0":{"start":{"line":16,"column":55},"end":{"line":295,"column":null}},"1":{"start":{"line":21,"column":19},"end":{"line":21,"column":null}},"2":{"start":{"line":22,"column":30},"end":{"line":31,"column":null}},"3":{"start":{"line":33,"column":26},"end":{"line":33,"column":null}},"4":{"start":{"line":34,"column":28},"end":{"line":34,"column":null}},"5":{"start":{"line":36,"column":2},"end":{"line":49,"column":null}},"6":{"start":{"line":37,"column":4},"end":{"line":48,"column":null}},"7":{"start":{"line":38,"column":6},"end":{"line":47,"column":null}},"8":{"start":{"line":51,"column":19},"end":{"line":73,"column":null}},"9":{"start":{"line":52,"column":46},"end":{"line":52,"column":null}},"10":{"start":{"line":54,"column":4},"end":{"line":56,"column":null}},"11":{"start":{"line":55,"column":6},"end":{"line":55,"column":null}},"12":{"start":{"line":58,"column":4},"end":{"line":60,"column":null}},"13":{"start":{"line":59,"column":6},"end":{"line":59,"column":null}},"14":{"start":{"line":62,"column":4},"end":{"line":64,"column":null}},"15":{"start":{"line":63,"column":6},"end":{"line":63,"column":null}},"16":{"start":{"line":66,"column":4},"end":{"line":69,"column":null}},"17":{"start":{"line":67,"column":6},"end":{"line":68,"column":null}},"18":{"start":{"line":71,"column":4},"end":{"line":71,"column":null}},"19":{"start":{"line":72,"column":4},"end":{"line":72,"column":null}},"20":{"start":{"line":75,"column":23},"end":{"line":91,"column":null}},"21":{"start":{"line":76,"column":4},"end":{"line":76,"column":null}},"22":{"start":{"line":78,"column":4},"end":{"line":80,"column":null}},"23":{"start":{"line":79,"column":6},"end":{"line":79,"column":null}},"24":{"start":{"line":82,"column":4},"end":{"line":82,"column":null}},"25":{"start":{"line":83,"column":4},"end":{"line":90,"column":null}},"26":{"start":{"line":84,"column":6},"end":{"line":84,"column":null}},"27":{"start":{"line":86,"column":6},"end":{"line":86,"column":null}},"28":{"start":{"line":87,"column":6},"end":{"line":87,"column":null}},"29":{"start":{"line":89,"column":6},"end":{"line":89,"column":null}},"30":{"start":{"line":93,"column":2},"end":{"line":293,"column":null}},"31":{"start":{"line":116,"column":14},"end":{"line":116,"column":null}},"32":{"start":{"line":132,"column":16},"end":{"line":135,"column":null}},"33":{"start":{"line":148,"column":16},"end":{"line":148,"column":null}},"34":{"start":{"line":165,"column":18},"end":{"line":165,"column":null}},"35":{"start":{"line":170,"column":18},"end":{"line":172,"column":null}},"36":{"start":{"line":184,"column":18},"end":{"line":187,"column":null}},"37":{"start":{"line":192,"column":18},"end":{"line":194,"column":null}},"38":{"start":{"line":207,"column":16},"end":{"line":213,"column":null}},"39":{"start":{"line":234,"column":18},"end":{"line":240,"column":null}},"40":{"start":{"line":265,"column":16},"end":{"line":265,"column":null}}},"fnMap":{"0":{"name":"(anonymous_0)","decl":{"start":{"line":16,"column":55},"end":{"line":16,"column":56}},"loc":{"start":{"line":20,"column":6},"end":{"line":295,"column":null}},"line":20},"1":{"name":"(anonymous_1)","decl":{"start":{"line":36,"column":12},"end":{"line":36,"column":18}},"loc":{"start":{"line":36,"column":18},"end":{"line":49,"column":5}},"line":36},"2":{"name":"(anonymous_2)","decl":{"start":{"line":51,"column":19},"end":{"line":51,"column":34}},"loc":{"start":{"line":51,"column":34},"end":{"line":73,"column":null}},"line":51},"3":{"name":"(anonymous_3)","decl":{"start":{"line":75,"column":23},"end":{"line":75,"column":30}},"loc":{"start":{"line":75,"column":53},"end":{"line":91,"column":null}},"line":75},"4":{"name":"(anonymous_4)","decl":{"start":{"line":115,"column":22},"end":{"line":115,"column":23}},"loc":{"start":{"line":116,"column":14},"end":{"line":116,"column":null}},"line":116},"5":{"name":"(anonymous_5)","decl":{"start":{"line":131,"column":24},"end":{"line":131,"column":25}},"loc":{"start":{"line":132,"column":16},"end":{"line":135,"column":null}},"line":132},"6":{"name":"(anonymous_6)","decl":{"start":{"line":147,"column":24},"end":{"line":147,"column":25}},"loc":{"start":{"line":148,"column":16},"end":{"line":148,"column":null}},"line":148},"7":{"name":"(anonymous_7)","decl":{"start":{"line":164,"column":26},"end":{"line":164,"column":27}},"loc":{"start":{"line":165,"column":18},"end":{"line":165,"column":null}},"line":165},"8":{"name":"(anonymous_8)","decl":{"start":{"line":169,"column":40},"end":{"line":169,"column":41}},"loc":{"start":{"line":170,"column":18},"end":{"line":172,"column":null}},"line":170},"9":{"name":"(anonymous_9)","decl":{"start":{"line":183,"column":26},"end":{"line":183,"column":27}},"loc":{"start":{"line":184,"column":18},"end":{"line":187,"column":null}},"line":184},"10":{"name":"(anonymous_10)","decl":{"start":{"line":191,"column":35},"end":{"line":191,"column":36}},"loc":{"start":{"line":192,"column":18},"end":{"line":194,"column":null}},"line":192},"11":{"name":"(anonymous_11)","decl":{"start":{"line":206,"column":24},"end":{"line":206,"column":25}},"loc":{"start":{"line":207,"column":16},"end":{"line":213,"column":null}},"line":207},"12":{"name":"(anonymous_12)","decl":{"start":{"line":233,"column":26},"end":{"line":233,"column":27}},"loc":{"start":{"line":234,"column":18},"end":{"line":240,"column":null}},"line":234},"13":{"name":"(anonymous_13)","decl":{"start":{"line":264,"column":24},"end":{"line":264,"column":25}},"loc":{"start":{"line":265,"column":16},"end":{"line":265,"column":null}},"line":265}},"branchMap":{"0":{"loc":{"start":{"line":37,"column":4},"end":{"line":48,"column":null}},"type":"if","locations":[{"start":{"line":37,"column":4},"end":{"line":48,"column":null}},{"start":{},"end":{}}],"line":37},"1":{"loc":{"start":{"line":46,"column":21},"end":{"line":46,"column":null}},"type":"binary-expr","locations":[{"start":{"line":46,"column":21},"end":{"line":46,"column":44}},{"start":{"line":46,"column":44},"end":{"line":46,"column":null}}],"line":46},"2":{"loc":{"start":{"line":54,"column":4},"end":{"line":56,"column":null}},"type":"if","locations":[{"start":{"line":54,"column":4},"end":{"line":56,"column":null}},{"start":{},"end":{}}],"line":54},"3":{"loc":{"start":{"line":58,"column":4},"end":{"line":60,"column":null}},"type":"if","locations":[{"start":{"line":58,"column":4},"end":{"line":60,"column":null}},{"start":{},"end":{}}],"line":58},"4":{"loc":{"start":{"line":62,"column":4},"end":{"line":64,"column":null}},"type":"if","locations":[{"start":{"line":62,"column":4},"end":{"line":64,"column":null}},{"start":{},"end":{}}],"line":62},"5":{"loc":{"start":{"line":66,"column":4},"end":{"line":69,"column":null}},"type":"if","locations":[{"start":{"line":66,"column":4},"end":{"line":69,"column":null}},{"start":{},"end":{}}],"line":66},"6":{"loc":{"start":{"line":66,"column":8},"end":{"line":66,"column":65}},"type":"binary-expr","locations":[{"start":{"line":66,"column":8},"end":{"line":66,"column":31}},{"start":{"line":66,"column":31},"end":{"line":66,"column":65}}],"line":66},"7":{"loc":{"start":{"line":78,"column":4},"end":{"line":80,"column":null}},"type":"if","locations":[{"start":{"line":78,"column":4},"end":{"line":80,"column":null}},{"start":{},"end":{}}],"line":78},"8":{"loc":{"start":{"line":99,"column":13},"end":{"line":99,"column":null}},"type":"cond-expr","locations":[{"start":{"line":99,"column":23},"end":{"line":99,"column":42}},{"start":{"line":99,"column":42},"end":{"line":99,"column":null}}],"line":99},"9":{"loc":{"start":{"line":134,"column":25},"end":{"line":134,"column":null}},"type":"binary-expr","locations":[{"start":{"line":134,"column":25},"end":{"line":134,"column":55}},{"start":{"line":134,"column":55},"end":{"line":134,"column":null}}],"line":134},"10":{"loc":{"start":{"line":210,"column":42},"end":{"line":212,"column":null}},"type":"cond-expr","locations":[{"start":{"line":211,"column":22},"end":{"line":211,"column":null}},{"start":{"line":212,"column":22},"end":{"line":212,"column":null}}],"line":210},"11":{"loc":{"start":{"line":226,"column":11},"end":{"line":254,"column":null}},"type":"binary-expr","locations":[{"start":{"line":226,"column":11},"end":{"line":226,"column":null}},{"start":{"line":227,"column":12},"end":{"line":254,"column":null}}],"line":226},"12":{"loc":{"start":{"line":232,"column":23},"end":{"line":232,"column":null}},"type":"binary-expr","locations":[{"start":{"line":232,"column":23},"end":{"line":232,"column":58}},{"start":{"line":232,"column":58},"end":{"line":232,"column":null}}],"line":232},"13":{"loc":{"start":{"line":249,"column":15},"end":{"line":252,"column":null}},"type":"binary-expr","locations":[{"start":{"line":249,"column":15},"end":{"line":249,"column":null}},{"start":{"line":250,"column":16},"end":{"line":252,"column":null}}],"line":249},"14":{"loc":{"start":{"line":276,"column":15},"end":{"line":280,"column":null}},"type":"cond-expr","locations":[{"start":{"line":277,"column":18},"end":{"line":277,"column":null}},{"start":{"line":278,"column":18},"end":{"line":280,"column":null}}],"line":276},"15":{"loc":{"start":{"line":278,"column":18},"end":{"line":280,"column":null}},"type":"cond-expr","locations":[{"start":{"line":279,"column":20},"end":{"line":279,"column":null}},{"start":{"line":280,"column":20},"end":{"line":280,"column":null}}],"line":278}},"s":{"0":0,"1":0,"2":0,"3":0,"4":0,"5":0,"6":0,"7":0,"8":0,"9":0,"10":0,"11":0,"12":0,"13":0,"14":0,"15":0,"16":0,"17":0,"18":0,"19":0,"20":0,"21":0,"22":0,"23":0,"24":0,"25":0,"26":0,"27":0,"28":0,"29":0,"30":0,"31":0,"32":0,"33":0,"34":0,"35":0,"36":0,"37":0,"38":0,"39":0,"40":0},"f":{"0":0,"1":0,"2":0,"3":0,"4":0,"5":0,"6":0,"7":0,"8":0,"9":0,"10":0,"11":0,"12":0,"13":0},"b":{"0":[0,0],"1":[0,0],"2":[0,0],"3":[0,0],"4":[0,0],"5":[0,0],"6":[0,0],"7":[0,0],"8":[0,0],"9":[0,0],"10":[0,0],"11":[0,0],"12":[0,0],"13":[0,0],"14":[0,0],"15":[0,0]},"meta":{"lastBranch":16,"lastFunction":14,"lastStatement":41,"seen":{"s:16:55:295:Infinity":0,"f:16:55:16:56":0,"s:21:19:21:Infinity":1,"s:22:30:31:Infinity":2,"s:33:26:33:Infinity":3,"s:34:28:34:Infinity":4,"s:36:2:49:Infinity":5,"f:36:12:36:18":1,"b:37:4:48:Infinity:undefined:undefined:undefined:undefined":0,"s:37:4:48:Infinity":6,"s:38:6:47:Infinity":7,"b:46:21:46:44:46:44:46:Infinity":1,"s:51:19:73:Infinity":8,"f:51:19:51:34":2,"s:52:46:52:Infinity":9,"b:54:4:56:Infinity:undefined:undefined:undefined:undefined":2,"s:54:4:56:Infinity":10,"s:55:6:55:Infinity":11,"b:58:4:60:Infinity:undefined:undefined:undefined:undefined":3,"s:58:4:60:Infinity":12,"s:59:6:59:Infinity":13,"b:62:4:64:Infinity:undefined:undefined:undefined:undefined":4,"s:62:4:64:Infinity":14,"s:63:6:63:Infinity":15,"b:66:4:69:Infinity:undefined:undefined:undefined:undefined":5,"s:66:4:69:Infinity":16,"b:66:8:66:31:66:31:66:65":6,"s:67:6:68:Infinity":17,"s:71:4:71:Infinity":18,"s:72:4:72:Infinity":19,"s:75:23:91:Infinity":20,"f:75:23:75:30":3,"s:76:4:76:Infinity":21,"b:78:4:80:Infinity:undefined:undefined:undefined:undefined":7,"s:78:4:80:Infinity":22,"s:79:6:79:Infinity":23,"s:82:4:82:Infinity":24,"s:83:4:90:Infinity":25,"s:84:6:84:Infinity":26,"s:86:6:86:Infinity":27,"s:87:6:87:Infinity":28,"s:89:6:89:Infinity":29,"s:93:2:293:Infinity":30,"b:99:23:99:42:99:42:99:Infinity":8,"f:115:22:115:23":4,"s:116:14:116:Infinity":31,"f:131:24:131:25":5,"s:132:16:135:Infinity":32,"b:134:25:134:55:134:55:134:Infinity":9,"f:147:24:147:25":6,"s:148:16:148:Infinity":33,"f:164:26:164:27":7,"s:165:18:165:Infinity":34,"f:169:40:169:41":8,"s:170:18:172:Infinity":35,"f:183:26:183:27":9,"s:184:18:187:Infinity":36,"f:191:35:191:36":10,"s:192:18:194:Infinity":37,"f:206:24:206:25":11,"s:207:16:213:Infinity":38,"b:211:22:211:Infinity:212:22:212:Infinity":10,"b:226:11:226:Infinity:227:12:254:Infinity":11,"b:232:23:232:58:232:58:232:Infinity":12,"f:233:26:233:27":12,"s:234:18:240:Infinity":39,"b:249:15:249:Infinity:250:16:252:Infinity":13,"f:264:24:264:25":13,"s:265:16:265:Infinity":40,"b:277:18:277:Infinity:278:18:280:Infinity":14,"b:279:20:279:Infinity:280:20:280:Infinity":15}}}
,"C:\\Users\\Pedro\\Desktop\\micro-saas\\WalletGuard\\src\\components\\layout\\Header.tsx": {"path":"C:\\Users\\Pedro\\Desktop\\micro-saas\\WalletGuard\\src\\components\\layout\\Header.tsx","statementMap":{"0":{"start":{"line":19,"column":45},"end":{"line":78,"column":null}},"1":{"start":{"line":24,"column":29},"end":{"line":24,"column":null}},"2":{"start":{"line":26,"column":2},"end":{"line":76,"column":null}}},"fnMap":{"0":{"name":"(anonymous_0)","decl":{"start":{"line":19,"column":45},"end":{"line":19,"column":46}},"loc":{"start":{"line":23,"column":6},"end":{"line":78,"column":null}},"line":23}},"branchMap":{"0":{"loc":{"start":{"line":39,"column":17},"end":{"line":39,"column":null}},"type":"cond-expr","locations":[{"start":{"line":39,"column":38},"end":{"line":39,"column":59}},{"start":{"line":39,"column":59},"end":{"line":39,"column":null}}],"line":39},"1":{"loc":{"start":{"line":41,"column":11},"end":{"line":44,"column":null}},"type":"cond-expr","locations":[{"start":{"line":42,"column":12},"end":{"line":42,"column":null}},{"start":{"line":44,"column":12},"end":{"line":44,"column":null}}],"line":41},"2":{"loc":{"start":{"line":59,"column":17},"end":{"line":59,"column":null}},"type":"cond-expr","locations":[{"start":{"line":59,"column":37},"end":{"line":59,"column":53}},{"start":{"line":59,"column":53},"end":{"line":59,"column":null}}],"line":59},"3":{"loc":{"start":{"line":61,"column":11},"end":{"line":61,"column":null}},"type":"cond-expr","locations":[{"start":{"line":61,"column":31},"end":{"line":61,"column":52}},{"start":{"line":61,"column":52},"end":{"line":61,"column":null}}],"line":61}},"s":{"0":0,"1":0,"2":0},"f":{"0":0},"b":{"0":[0,0],"1":[0,0],"2":[0,0],"3":[0,0]},"meta":{"lastBranch":4,"lastFunction":1,"lastStatement":3,"seen":{"s:19:45:78:Infinity":0,"f:19:45:19:46":0,"s:24:29:24:Infinity":1,"s:26:2:76:Infinity":2,"b:39:38:39:59:39:59:39:Infinity":0,"b:42:12:42:Infinity:44:12:44:Infinity":1,"b:59:37:59:53:59:53:59:Infinity":2,"b:61:31:61:52:61:52:61:Infinity":3}}}
,"C:\\Users\\Pedro\\Desktop\\micro-saas\\WalletGuard\\src\\components\\layout\\Sidebar.tsx": {"path":"C:\\Users\\Pedro\\Desktop\\micro-saas\\WalletGuard\\src\\components\\layout\\Sidebar.tsx","statementMap":{"0":{"start":{"line":24,"column":47},"end":{"line":132,"column":null}},"1":{"start":{"line":29,"column":18},"end":{"line":29,"column":null}},"2":{"start":{"line":30,"column":8},"end":{"line":30,"column":null}},"3":{"start":{"line":32,"column":19},"end":{"line":40,"column":null}},"4":{"start":{"line":42,"column":23},"end":{"line":54,"column":null}},"5":{"start":{"line":43,"column":4},"end":{"line":53,"column":null}},"6":{"start":{"line":44,"column":24},"end":{"line":44,"column":null}},"7":{"start":{"line":45,"column":6},"end":{"line":48,"column":null}},"8":{"start":{"line":46,"column":8},"end":{"line":46,"column":null}},"9":{"start":{"line":47,"column":8},"end":{"line":47,"column":null}},"10":{"start":{"line":50,"column":6},"end":{"line":50,"column":null}},"11":{"start":{"line":52,"column":6},"end":{"line":52,"column":null}},"12":{"start":{"line":56,"column":2},"end":{"line":130,"column":null}},"13":{"start":{"line":98,"column":14},"end":{"line":113,"column":null}},"14":{"start":{"line":101,"column":31},"end":{"line":101,"column":null}},"15":{"start":{"line":102,"column":39},"end":{"line":108,"column":null}}},"fnMap":{"0":{"name":"(anonymous_0)","decl":{"start":{"line":24,"column":47},"end":{"line":24,"column":48}},"loc":{"start":{"line":28,"column":6},"end":{"line":132,"column":null}},"line":28},"1":{"name":"(anonymous_1)","decl":{"start":{"line":42,"column":23},"end":{"line":42,"column":35}},"loc":{"start":{"line":42,"column":35},"end":{"line":54,"column":null}},"line":42},"2":{"name":"(anonymous_2)","decl":{"start":{"line":97,"column":26},"end":{"line":97,"column":27}},"loc":{"start":{"line":98,"column":14},"end":{"line":113,"column":null}},"line":98},"3":{"name":"(anonymous_3)","decl":{"start":{"line":101,"column":25},"end":{"line":101,"column":31}},"loc":{"start":{"line":101,"column":31},"end":{"line":101,"column":null}},"line":101},"4":{"name":"(anonymous_4)","decl":{"start":{"line":102,"column":27},"end":{"line":102,"column":28}},"loc":{"start":{"line":102,"column":39},"end":{"line":108,"column":null}},"line":102}},"branchMap":{"0":{"loc":{"start":{"line":45,"column":6},"end":{"line":48,"column":null}},"type":"if","locations":[{"start":{"line":45,"column":6},"end":{"line":48,"column":null}},{"start":{},"end":{}}],"line":45},"1":{"loc":{"start":{"line":62,"column":10},"end":{"line":62,"column":null}},"type":"cond-expr","locations":[{"start":{"line":62,"column":19},"end":{"line":62,"column":35}},{"start":{"line":62,"column":35},"end":{"line":62,"column":null}}],"line":62},"2":{"loc":{"start":{"line":73,"column":10},"end":{"line":73,"column":null}},"type":"cond-expr","locations":[{"start":{"line":73,"column":19},"end":{"line":73,"column":37}},{"start":{"line":73,"column":37},"end":{"line":73,"column":null}}],"line":73},"3":{"loc":{"start":{"line":76,"column":10},"end":{"line":76,"column":null}},"type":"cond-expr","locations":[{"start":{"line":76,"column":24},"end":{"line":76,"column":50}},{"start":{"line":76,"column":50},"end":{"line":76,"column":null}}],"line":76},"4":{"loc":{"start":{"line":101,"column":31},"end":{"line":101,"column":null}},"type":"binary-expr","locations":[{"start":{"line":101,"column":31},"end":{"line":101,"column":59}},{"start":{"line":101,"column":59},"end":{"line":101,"column":null}}],"line":101},"5":{"loc":{"start":{"line":105,"column":20},"end":{"line":107,"column":null}},"type":"cond-expr","locations":[{"start":{"line":106,"column":24},"end":{"line":106,"column":null}},{"start":{"line":107,"column":24},"end":{"line":107,"column":null}}],"line":105}},"s":{"0":0,"1":0,"2":0,"3":0,"4":0,"5":0,"6":0,"7":0,"8":0,"9":0,"10":0,"11":0,"12":0,"13":0,"14":0,"15":0},"f":{"0":0,"1":0,"2":0,"3":0,"4":0},"b":{"0":[0,0],"1":[0,0],"2":[0,0],"3":[0,0],"4":[0,0],"5":[0,0]},"meta":{"lastBranch":6,"lastFunction":5,"lastStatement":16,"seen":{"s:24:47:132:Infinity":0,"f:24:47:24:48":0,"s:29:18:29:Infinity":1,"s:30:8:30:Infinity":2,"s:32:19:40:Infinity":3,"s:42:23:54:Infinity":4,"f:42:23:42:35":1,"s:43:4:53:Infinity":5,"s:44:24:44:Infinity":6,"b:45:6:48:Infinity:undefined:undefined:undefined:undefined":0,"s:45:6:48:Infinity":7,"s:46:8:46:Infinity":8,"s:47:8:47:Infinity":9,"s:50:6:50:Infinity":10,"s:52:6:52:Infinity":11,"s:56:2:130:Infinity":12,"b:62:19:62:35:62:35:62:Infinity":1,"b:73:19:73:37:73:37:73:Infinity":2,"b:76:24:76:50:76:50:76:Infinity":3,"f:97:26:97:27":2,"s:98:14:113:Infinity":13,"f:101:25:101:31":3,"s:101:31:101:Infinity":14,"b:101:31:101:59:101:59:101:Infinity":4,"f:102:27:102:28":4,"s:102:39:108:Infinity":15,"b:106:24:106:Infinity:107:24:107:Infinity":5}}}
,"C:\\Users\\Pedro\\Desktop\\micro-saas\\WalletGuard\\src\\components\\receitas\\ReceitaFilters.tsx": {"path":"C:\\Users\\Pedro\\Desktop\\micro-saas\\WalletGuard\\src\\components\\receitas\\ReceitaFilters.tsx","statementMap":{"0":{"start":{"line":11,"column":70},"end":{"line":101,"column":null}},"1":{"start":{"line":15,"column":23},"end":{"line":20,"column":null}},"2":{"start":{"line":16,"column":4},"end":{"line":19,"column":null}},"3":{"start":{"line":22,"column":23},"end":{"line":24,"column":null}},"4":{"start":{"line":23,"column":4},"end":{"line":23,"column":null}},"5":{"start":{"line":26,"column":27},"end":{"line":26,"column":null}},"6":{"start":{"line":26,"column":62},"end":{"line":26,"column":63}},"7":{"start":{"line":28,"column":2},"end":{"line":99,"column":null}},"8":{"start":{"line":55,"column":29},"end":{"line":55,"column":null}},"9":{"start":{"line":66,"column":29},"end":{"line":66,"column":null}},"10":{"start":{"line":77,"column":29},"end":{"line":77,"column":null}},"11":{"start":{"line":87,"column":29},"end":{"line":87,"column":null}},"12":{"start":{"line":92,"column":14},"end":{"line":94,"column":null}}},"fnMap":{"0":{"name":"(anonymous_0)","decl":{"start":{"line":11,"column":70},"end":{"line":11,"column":71}},"loc":{"start":{"line":14,"column":6},"end":{"line":101,"column":null}},"line":14},"1":{"name":"(anonymous_1)","decl":{"start":{"line":15,"column":23},"end":{"line":15,"column":24}},"loc":{"start":{"line":15,"column":71},"end":{"line":20,"column":null}},"line":15},"2":{"name":"(anonymous_2)","decl":{"start":{"line":22,"column":23},"end":{"line":22,"column":29}},"loc":{"start":{"line":22,"column":29},"end":{"line":24,"column":null}},"line":22},"3":{"name":"(anonymous_3)","decl":{"start":{"line":26,"column":55},"end":{"line":26,"column":56}},"loc":{"start":{"line":26,"column":62},"end":{"line":26,"column":63}},"line":26},"4":{"name":"(anonymous_4)","decl":{"start":{"line":55,"column":22},"end":{"line":55,"column":23}},"loc":{"start":{"line":55,"column":29},"end":{"line":55,"column":null}},"line":55},"5":{"name":"(anonymous_5)","decl":{"start":{"line":66,"column":22},"end":{"line":66,"column":23}},"loc":{"start":{"line":66,"column":29},"end":{"line":66,"column":null}},"line":66},"6":{"name":"(anonymous_6)","decl":{"start":{"line":77,"column":22},"end":{"line":77,"column":23}},"loc":{"start":{"line":77,"column":29},"end":{"line":77,"column":null}},"line":77},"7":{"name":"(anonymous_7)","decl":{"start":{"line":87,"column":22},"end":{"line":87,"column":23}},"loc":{"start":{"line":87,"column":29},"end":{"line":87,"column":null}},"line":87},"8":{"name":"(anonymous_8)","decl":{"start":{"line":91,"column":36},"end":{"line":91,"column":37}},"loc":{"start":{"line":92,"column":14},"end":{"line":94,"column":null}},"line":92}},"branchMap":{"0":{"loc":{"start":{"line":18,"column":15},"end":{"line":18,"column":null}},"type":"binary-expr","locations":[{"start":{"line":18,"column":15},"end":{"line":18,"column":24}},{"start":{"line":18,"column":24},"end":{"line":18,"column":null}}],"line":18},"1":{"loc":{"start":{"line":34,"column":9},"end":{"line":41,"column":null}},"type":"binary-expr","locations":[{"start":{"line":34,"column":9},"end":{"line":34,"column":null}},{"start":{"line":35,"column":10},"end":{"line":41,"column":null}}],"line":34},"2":{"loc":{"start":{"line":54,"column":19},"end":{"line":54,"column":null}},"type":"binary-expr","locations":[{"start":{"line":54,"column":19},"end":{"line":54,"column":37}},{"start":{"line":54,"column":37},"end":{"line":54,"column":null}}],"line":54},"3":{"loc":{"start":{"line":65,"column":19},"end":{"line":65,"column":null}},"type":"binary-expr","locations":[{"start":{"line":65,"column":19},"end":{"line":65,"column":41}},{"start":{"line":65,"column":41},"end":{"line":65,"column":null}}],"line":65},"4":{"loc":{"start":{"line":76,"column":19},"end":{"line":76,"column":null}},"type":"binary-expr","locations":[{"start":{"line":76,"column":19},"end":{"line":76,"column":38}},{"start":{"line":76,"column":38},"end":{"line":76,"column":null}}],"line":76},"5":{"loc":{"start":{"line":86,"column":19},"end":{"line":86,"column":null}},"type":"binary-expr","locations":[{"start":{"line":86,"column":19},"end":{"line":86,"column":40}},{"start":{"line":86,"column":40},"end":{"line":86,"column":null}}],"line":86}},"s":{"0":0,"1":0,"2":0,"3":0,"4":0,"5":0,"6":0,"7":0,"8":0,"9":0,"10":0,"11":0,"12":0},"f":{"0":0,"1":0,"2":0,"3":0,"4":0,"5":0,"6":0,"7":0,"8":0},"b":{"0":[0,0],"1":[0,0],"2":[0,0],"3":[0,0],"4":[0,0],"5":[0,0]},"meta":{"lastBranch":6,"lastFunction":9,"lastStatement":13,"seen":{"s:11:70:101:Infinity":0,"f:11:70:11:71":0,"s:15:23:20:Infinity":1,"f:15:23:15:24":1,"s:16:4:19:Infinity":2,"b:18:15:18:24:18:24:18:Infinity":0,"s:22:23:24:Infinity":3,"f:22:23:22:29":2,"s:23:4:23:Infinity":4,"s:26:27:26:Infinity":5,"f:26:55:26:56":3,"s:26:62:26:63":6,"s:28:2:99:Infinity":7,"b:34:9:34:Infinity:35:10:41:Infinity":1,"b:54:19:54:37:54:37:54:Infinity":2,"f:55:22:55:23":4,"s:55:29:55:Infinity":8,"b:65:19:65:41:65:41:65:Infinity":3,"f:66:22:66:23":5,"s:66:29:66:Infinity":9,"b:76:19:76:38:76:38:76:Infinity":4,"f:77:22:77:23":6,"s:77:29:77:Infinity":10,"b:86:19:86:40:86:40:86:Infinity":5,"f:87:22:87:23":7,"s:87:29:87:Infinity":11,"f:91:36:91:37":8,"s:92:14:94:Infinity":12}}}
,"C:\\Users\\Pedro\\Desktop\\micro-saas\\WalletGuard\\src\\components\\receitas\\ReceitaForm.tsx": {"path":"C:\\Users\\Pedro\\Desktop\\micro-saas\\WalletGuard\\src\\components\\receitas\\ReceitaForm.tsx","statementMap":{"0":{"start":{"line":15,"column":55},"end":{"line":279,"column":null}},"1":{"start":{"line":21,"column":30},"end":{"line":29,"column":null}},"2":{"start":{"line":31,"column":26},"end":{"line":33,"column":null}},"3":{"start":{"line":35,"column":2},"end":{"line":47,"column":null}},"4":{"start":{"line":36,"column":4},"end":{"line":46,"column":null}},"5":{"start":{"line":37,"column":6},"end":{"line":45,"column":null}},"6":{"start":{"line":49,"column":19},"end":{"line":71,"column":null}},"7":{"start":{"line":50,"column":70},"end":{"line":50,"column":null}},"8":{"start":{"line":52,"column":4},"end":{"line":54,"column":null}},"9":{"start":{"line":53,"column":6},"end":{"line":53,"column":null}},"10":{"start":{"line":56,"column":4},"end":{"line":58,"column":null}},"11":{"start":{"line":57,"column":6},"end":{"line":57,"column":null}},"12":{"start":{"line":60,"column":4},"end":{"line":62,"column":null}},"13":{"start":{"line":61,"column":6},"end":{"line":61,"column":null}},"14":{"start":{"line":64,"column":4},"end":{"line":67,"column":null}},"15":{"start":{"line":65,"column":6},"end":{"line":66,"column":null}},"16":{"start":{"line":69,"column":4},"end":{"line":69,"column":null}},"17":{"start":{"line":70,"column":4},"end":{"line":70,"column":null}},"18":{"start":{"line":73,"column":23},"end":{"line":85,"column":null}},"19":{"start":{"line":74,"column":4},"end":{"line":74,"column":null}},"20":{"start":{"line":76,"column":4},"end":{"line":78,"column":null}},"21":{"start":{"line":77,"column":6},"end":{"line":77,"column":null}},"22":{"start":{"line":80,"column":4},"end":{"line":84,"column":null}},"23":{"start":{"line":81,"column":6},"end":{"line":81,"column":null}},"24":{"start":{"line":83,"column":6},"end":{"line":83,"column":null}},"25":{"start":{"line":87,"column":23},"end":{"line":100,"column":null}},"26":{"start":{"line":91,"column":4},"end":{"line":94,"column":null}},"27":{"start":{"line":91,"column":27},"end":{"line":94,"column":6}},"28":{"start":{"line":97,"column":4},"end":{"line":99,"column":null}},"29":{"start":{"line":98,"column":6},"end":{"line":98,"column":null}},"30":{"start":{"line":98,"column":27},"end":{"line":98,"column":59}},"31":{"start":{"line":102,"column":2},"end":{"line":277,"column":null}},"32":{"start":{"line":125,"column":31},"end":{"line":125,"column":null}},"33":{"start":{"line":147,"column":18},"end":{"line":147,"column":null}},"34":{"start":{"line":165,"column":33},"end":{"line":165,"column":null}},"35":{"start":{"line":184,"column":31},"end":{"line":184,"column":null}},"36":{"start":{"line":188,"column":16},"end":{"line":190,"column":null}},"37":{"start":{"line":203,"column":18},"end":{"line":203,"column":null}},"38":{"start":{"line":204,"column":18},"end":{"line":206,"column":null}},"39":{"start":{"line":205,"column":20},"end":{"line":205,"column":null}},"40":{"start":{"line":226,"column":20},"end":{"line":229,"column":null}},"41":{"start":{"line":254,"column":31},"end":{"line":254,"column":null}}},"fnMap":{"0":{"name":"(anonymous_0)","decl":{"start":{"line":15,"column":55},"end":{"line":15,"column":56}},"loc":{"start":{"line":20,"column":6},"end":{"line":279,"column":null}},"line":20},"1":{"name":"(anonymous_1)","decl":{"start":{"line":35,"column":12},"end":{"line":35,"column":18}},"loc":{"start":{"line":35,"column":18},"end":{"line":47,"column":5}},"line":35},"2":{"name":"(anonymous_2)","decl":{"start":{"line":49,"column":19},"end":{"line":49,"column":34}},"loc":{"start":{"line":49,"column":34},"end":{"line":71,"column":null}},"line":49},"3":{"name":"(anonymous_3)","decl":{"start":{"line":73,"column":23},"end":{"line":73,"column":30}},"loc":{"start":{"line":73,"column":53},"end":{"line":85,"column":null}},"line":73},"4":{"name":"(anonymous_4)","decl":{"start":{"line":87,"column":23},"end":{"line":87,"column":null}},"loc":{"start":{"line":90,"column":7},"end":{"line":100,"column":null}},"line":90},"5":{"name":"(anonymous_5)","decl":{"start":{"line":91,"column":16},"end":{"line":91,"column":17}},"loc":{"start":{"line":91,"column":27},"end":{"line":94,"column":6}},"line":91},"6":{"name":"(anonymous_6)","decl":{"start":{"line":98,"column":16},"end":{"line":98,"column":17}},"loc":{"start":{"line":98,"column":27},"end":{"line":98,"column":59}},"line":98},"7":{"name":"(anonymous_7)","decl":{"start":{"line":125,"column":24},"end":{"line":125,"column":25}},"loc":{"start":{"line":125,"column":31},"end":{"line":125,"column":null}},"line":125},"8":{"name":"(anonymous_8)","decl":{"start":{"line":146,"column":26},"end":{"line":146,"column":27}},"loc":{"start":{"line":147,"column":18},"end":{"line":147,"column":null}},"line":147},"9":{"name":"(anonymous_9)","decl":{"start":{"line":165,"column":26},"end":{"line":165,"column":27}},"loc":{"start":{"line":165,"column":33},"end":{"line":165,"column":null}},"line":165},"10":{"name":"(anonymous_10)","decl":{"start":{"line":184,"column":24},"end":{"line":184,"column":25}},"loc":{"start":{"line":184,"column":31},"end":{"line":184,"column":null}},"line":184},"11":{"name":"(anonymous_11)","decl":{"start":{"line":187,"column":38},"end":{"line":187,"column":39}},"loc":{"start":{"line":188,"column":16},"end":{"line":190,"column":null}},"line":188},"12":{"name":"(anonymous_12)","decl":{"start":{"line":202,"column":26},"end":{"line":202,"column":27}},"loc":{"start":{"line":202,"column":33},"end":{"line":207,"column":null}},"line":202},"13":{"name":"(anonymous_13)","decl":{"start":{"line":225,"column":28},"end":{"line":225,"column":29}},"loc":{"start":{"line":226,"column":20},"end":{"line":229,"column":null}},"line":226},"14":{"name":"(anonymous_14)","decl":{"start":{"line":254,"column":24},"end":{"line":254,"column":25}},"loc":{"start":{"line":254,"column":31},"end":{"line":254,"column":null}},"line":254}},"branchMap":{"0":{"loc":{"start":{"line":19,"column":2},"end":{"line":19,"column":null}},"type":"default-arg","locations":[{"start":{"line":19,"column":14},"end":{"line":19,"column":null}}],"line":19},"1":{"loc":{"start":{"line":36,"column":4},"end":{"line":46,"column":null}},"type":"if","locations":[{"start":{"line":36,"column":4},"end":{"line":46,"column":null}},{"start":{},"end":{}}],"line":36},"2":{"loc":{"start":{"line":44,"column":21},"end":{"line":44,"column":null}},"type":"binary-expr","locations":[{"start":{"line":44,"column":21},"end":{"line":44,"column":44}},{"start":{"line":44,"column":44},"end":{"line":44,"column":null}}],"line":44},"3":{"loc":{"start":{"line":52,"column":4},"end":{"line":54,"column":null}},"type":"if","locations":[{"start":{"line":52,"column":4},"end":{"line":54,"column":null}},{"start":{},"end":{}}],"line":52},"4":{"loc":{"start":{"line":56,"column":4},"end":{"line":58,"column":null}},"type":"if","locations":[{"start":{"line":56,"column":4},"end":{"line":58,"column":null}},{"start":{},"end":{}}],"line":56},"5":{"loc":{"start":{"line":60,"column":4},"end":{"line":62,"column":null}},"type":"if","locations":[{"start":{"line":60,"column":4},"end":{"line":62,"column":null}},{"start":{},"end":{}}],"line":60},"6":{"loc":{"start":{"line":64,"column":4},"end":{"line":67,"column":null}},"type":"if","locations":[{"start":{"line":64,"column":4},"end":{"line":67,"column":null}},{"start":{},"end":{}}],"line":64},"7":{"loc":{"start":{"line":64,"column":8},"end":{"line":64,"column":65}},"type":"binary-expr","locations":[{"start":{"line":64,"column":8},"end":{"line":64,"column":31}},{"start":{"line":64,"column":31},"end":{"line":64,"column":65}}],"line":64},"8":{"loc":{"start":{"line":76,"column":4},"end":{"line":78,"column":null}},"type":"if","locations":[{"start":{"line":76,"column":4},"end":{"line":78,"column":null}},{"start":{},"end":{}}],"line":76},"9":{"loc":{"start":{"line":97,"column":4},"end":{"line":99,"column":null}},"type":"if","locations":[{"start":{"line":97,"column":4},"end":{"line":99,"column":null}},{"start":{},"end":{}}],"line":97},"10":{"loc":{"start":{"line":108,"column":13},"end":{"line":108,"column":null}},"type":"cond-expr","locations":[{"start":{"line":108,"column":23},"end":{"line":108,"column":42}},{"start":{"line":108,"column":42},"end":{"line":108,"column":null}}],"line":108},"11":{"loc":{"start":{"line":130,"column":13},"end":{"line":133,"column":null}},"type":"binary-expr","locations":[{"start":{"line":130,"column":13},"end":{"line":130,"column":null}},{"start":{"line":131,"column":14},"end":{"line":133,"column":null}}],"line":130},"12":{"loc":{"start":{"line":147,"column":40},"end":{"line":147,"column":71}},"type":"binary-expr","locations":[{"start":{"line":147,"column":40},"end":{"line":147,"column":70}},{"start":{"line":147,"column":70},"end":{"line":147,"column":71}}],"line":147},"13":{"loc":{"start":{"line":153,"column":15},"end":{"line":156,"column":null}},"type":"binary-expr","locations":[{"start":{"line":153,"column":15},"end":{"line":153,"column":null}},{"start":{"line":154,"column":16},"end":{"line":156,"column":null}}],"line":153},"14":{"loc":{"start":{"line":169,"column":15},"end":{"line":172,"column":null}},"type":"binary-expr","locations":[{"start":{"line":169,"column":15},"end":{"line":169,"column":null}},{"start":{"line":170,"column":16},"end":{"line":172,"column":null}}],"line":169},"15":{"loc":{"start":{"line":204,"column":18},"end":{"line":206,"column":null}},"type":"if","locations":[{"start":{"line":204,"column":18},"end":{"line":206,"column":null}},{"start":{},"end":{}}],"line":204},"16":{"loc":{"start":{"line":218,"column":13},"end":{"line":243,"column":null}},"type":"binary-expr","locations":[{"start":{"line":218,"column":13},"end":{"line":218,"column":null}},{"start":{"line":219,"column":14},"end":{"line":243,"column":null}}],"line":218},"17":{"loc":{"start":{"line":224,"column":25},"end":{"line":224,"column":null}},"type":"binary-expr","locations":[{"start":{"line":224,"column":25},"end":{"line":224,"column":60}},{"start":{"line":224,"column":60},"end":{"line":224,"column":null}}],"line":224},"18":{"loc":{"start":{"line":228,"column":22},"end":{"line":228,"column":null}},"type":"binary-expr","locations":[{"start":{"line":228,"column":22},"end":{"line":228,"column":40}},{"start":{"line":228,"column":40},"end":{"line":228,"column":null}}],"line":228},"19":{"loc":{"start":{"line":238,"column":17},"end":{"line":241,"column":null}},"type":"binary-expr","locations":[{"start":{"line":238,"column":17},"end":{"line":238,"column":null}},{"start":{"line":239,"column":18},"end":{"line":241,"column":null}}],"line":238},"20":{"loc":{"start":{"line":264,"column":15},"end":{"line":264,"column":47}},"type":"cond-expr","locations":[{"start":{"line":264,"column":25},"end":{"line":264,"column":39}},{"start":{"line":264,"column":39},"end":{"line":264,"column":47}}],"line":264}},"s":{"0":0,"1":0,"2":0,"3":0,"4":0,"5":0,"6":0,"7":0,"8":0,"9":0,"10":0,"11":0,"12":0,"13":0,"14":0,"15":0,"16":0,"17":0,"18":0,"19":0,"20":0,"21":0,"22":0,"23":0,"24":0,"25":0,"26":0,"27":0,"28":0,"29":0,"30":0,"31":0,"32":0,"33":0,"34":0,"35":0,"36":0,"37":0,"38":0,"39":0,"40":0,"41":0},"f":{"0":0,"1":0,"2":0,"3":0,"4":0,"5":0,"6":0,"7":0,"8":0,"9":0,"10":0,"11":0,"12":0,"13":0,"14":0},"b":{"0":[0],"1":[0,0],"2":[0,0],"3":[0,0],"4":[0,0],"5":[0,0],"6":[0,0],"7":[0,0],"8":[0,0],"9":[0,0],"10":[0,0],"11":[0,0],"12":[0,0],"13":[0,0],"14":[0,0],"15":[0,0],"16":[0,0],"17":[0,0],"18":[0,0],"19":[0,0],"20":[0,0]},"meta":{"lastBranch":21,"lastFunction":15,"lastStatement":42,"seen":{"s:15:55:279:Infinity":0,"f:15:55:15:56":0,"b:19:14:19:Infinity":0,"s:21:30:29:Infinity":1,"s:31:26:33:Infinity":2,"s:35:2:47:Infinity":3,"f:35:12:35:18":1,"b:36:4:46:Infinity:undefined:undefined:undefined:undefined":1,"s:36:4:46:Infinity":4,"s:37:6:45:Infinity":5,"b:44:21:44:44:44:44:44:Infinity":2,"s:49:19:71:Infinity":6,"f:49:19:49:34":2,"s:50:70:50:Infinity":7,"b:52:4:54:Infinity:undefined:undefined:undefined:undefined":3,"s:52:4:54:Infinity":8,"s:53:6:53:Infinity":9,"b:56:4:58:Infinity:undefined:undefined:undefined:undefined":4,"s:56:4:58:Infinity":10,"s:57:6:57:Infinity":11,"b:60:4:62:Infinity:undefined:undefined:undefined:undefined":5,"s:60:4:62:Infinity":12,"s:61:6:61:Infinity":13,"b:64:4:67:Infinity:undefined:undefined:undefined:undefined":6,"s:64:4:67:Infinity":14,"b:64:8:64:31:64:31:64:65":7,"s:65:6:66:Infinity":15,"s:69:4:69:Infinity":16,"s:70:4:70:Infinity":17,"s:73:23:85:Infinity":18,"f:73:23:73:30":3,"s:74:4:74:Infinity":19,"b:76:4:78:Infinity:undefined:undefined:undefined:undefined":8,"s:76:4:78:Infinity":20,"s:77:6:77:Infinity":21,"s:80:4:84:Infinity":22,"s:81:6:81:Infinity":23,"s:83:6:83:Infinity":24,"s:87:23:100:Infinity":25,"f:87:23:87:Infinity":4,"s:91:4:94:Infinity":26,"f:91:16:91:17":5,"s:91:27:94:6":27,"b:97:4:99:Infinity:undefined:undefined:undefined:undefined":9,"s:97:4:99:Infinity":28,"s:98:6:98:Infinity":29,"f:98:16:98:17":6,"s:98:27:98:59":30,"s:102:2:277:Infinity":31,"b:108:23:108:42:108:42:108:Infinity":10,"f:125:24:125:25":7,"s:125:31:125:Infinity":32,"b:130:13:130:Infinity:131:14:133:Infinity":11,"f:146:26:146:27":8,"s:147:18:147:Infinity":33,"b:147:40:147:70:147:70:147:71":12,"b:153:15:153:Infinity:154:16:156:Infinity":13,"f:165:26:165:27":9,"s:165:33:165:Infinity":34,"b:169:15:169:Infinity:170:16:172:Infinity":14,"f:184:24:184:25":10,"s:184:31:184:Infinity":35,"f:187:38:187:39":11,"s:188:16:190:Infinity":36,"f:202:26:202:27":12,"s:203:18:203:Infinity":37,"b:204:18:206:Infinity:undefined:undefined:undefined:undefined":15,"s:204:18:206:Infinity":38,"s:205:20:205:Infinity":39,"b:218:13:218:Infinity:219:14:243:Infinity":16,"b:224:25:224:60:224:60:224:Infinity":17,"f:225:28:225:29":13,"s:226:20:229:Infinity":40,"b:228:22:228:40:228:40:228:Infinity":18,"b:238:17:238:Infinity:239:18:241:Infinity":19,"f:254:24:254:25":14,"s:254:31:254:Infinity":41,"b:264:25:264:39:264:39:264:47":20}}}
,"C:\\Users\\Pedro\\Desktop\\micro-saas\\WalletGuard\\src\\components\\relatorios\\CategoriaChart.tsx": {"path":"C:\\Users\\Pedro\\Desktop\\micro-saas\\WalletGuard\\src\\components\\relatorios\\CategoriaChart.tsx","statementMap":{"0":{"start":{"line":10,"column":47},"end":{"line":88,"column":null}},"1":{"start":{"line":11,"column":2},"end":{"line":20,"column":null}},"2":{"start":{"line":12,"column":4},"end":{"line":18,"column":null}},"3":{"start":{"line":22,"column":2},"end":{"line":86,"column":null}},"4":{"start":{"line":41,"column":18},"end":{"line":41,"column":null}},"5":{"start":{"line":45,"column":46},"end":{"line":45,"column":null}},"6":{"start":{"line":61,"column":16},"end":{"line":80,"column":null}}},"fnMap":{"0":{"name":"(anonymous_0)","decl":{"start":{"line":10,"column":47},"end":{"line":10,"column":48}},"loc":{"start":{"line":10,"column":61},"end":{"line":88,"column":null}},"line":10},"1":{"name":"(anonymous_1)","decl":{"start":{"line":40,"column":26},"end":{"line":40,"column":27}},"loc":{"start":{"line":41,"column":18},"end":{"line":41,"column":null}},"line":41},"2":{"name":"(anonymous_2)","decl":{"start":{"line":45,"column":27},"end":{"line":45,"column":28}},"loc":{"start":{"line":45,"column":46},"end":{"line":45,"column":null}},"line":45},"3":{"name":"(anonymous_3)","decl":{"start":{"line":60,"column":24},"end":{"line":60,"column":25}},"loc":{"start":{"line":61,"column":16},"end":{"line":80,"column":null}},"line":61}},"branchMap":{"0":{"loc":{"start":{"line":11,"column":2},"end":{"line":20,"column":null}},"type":"if","locations":[{"start":{"line":11,"column":2},"end":{"line":20,"column":null}},{"start":{},"end":{}}],"line":11},"1":{"loc":{"start":{"line":11,"column":6},"end":{"line":11,"column":34}},"type":"binary-expr","locations":[{"start":{"line":11,"column":6},"end":{"line":11,"column":15}},{"start":{"line":11,"column":15},"end":{"line":11,"column":34}}],"line":11}},"s":{"0":0,"1":0,"2":0,"3":0,"4":0,"5":0,"6":0},"f":{"0":0,"1":0,"2":0,"3":0},"b":{"0":[0,0],"1":[0,0]},"meta":{"lastBranch":2,"lastFunction":4,"lastStatement":7,"seen":{"s:10:47:88:Infinity":0,"f:10:47:10:48":0,"b:11:2:20:Infinity:undefined:undefined:undefined:undefined":0,"s:11:2:20:Infinity":1,"b:11:6:11:15:11:15:11:34":1,"s:12:4:18:Infinity":2,"s:22:2:86:Infinity":3,"f:40:26:40:27":1,"s:41:18:41:Infinity":4,"f:45:27:45:28":2,"s:45:46:45:Infinity":5,"f:60:24:60:25":3,"s:61:16:80:Infinity":6}}}
,"C:\\Users\\Pedro\\Desktop\\micro-saas\\WalletGuard\\src\\components\\relatorios\\PrevisaoTable.tsx": {"path":"C:\\Users\\Pedro\\Desktop\\micro-saas\\WalletGuard\\src\\components\\relatorios\\PrevisaoTable.tsx","statementMap":{"0":{"start":{"line":10,"column":46},"end":{"line":105,"column":null}},"1":{"start":{"line":11,"column":21},"end":{"line":14,"column":null}},"2":{"start":{"line":12,"column":31},"end":{"line":12,"column":null}},"3":{"start":{"line":13,"column":4},"end":{"line":13,"column":null}},"4":{"start":{"line":16,"column":25},"end":{"line":21,"column":null}},"5":{"start":{"line":17,"column":4},"end":{"line":20,"column":null}},"6":{"start":{"line":23,"column":2},"end":{"line":103,"column":null}},"7":{"start":{"line":61,"column":16},"end":{"line":97,"column":null}}},"fnMap":{"0":{"name":"(anonymous_0)","decl":{"start":{"line":10,"column":46},"end":{"line":10,"column":47}},"loc":{"start":{"line":10,"column":60},"end":{"line":105,"column":null}},"line":10},"1":{"name":"(anonymous_1)","decl":{"start":{"line":11,"column":21},"end":{"line":11,"column":22}},"loc":{"start":{"line":11,"column":42},"end":{"line":14,"column":null}},"line":11},"2":{"name":"(anonymous_2)","decl":{"start":{"line":16,"column":25},"end":{"line":16,"column":26}},"loc":{"start":{"line":16,"column":44},"end":{"line":21,"column":null}},"line":16},"3":{"name":"(anonymous_3)","decl":{"start":{"line":60,"column":23},"end":{"line":60,"column":24}},"loc":{"start":{"line":61,"column":16},"end":{"line":97,"column":null}},"line":61}},"branchMap":{"0":{"loc":{"start":{"line":50,"column":13},"end":{"line":98,"column":null}},"type":"cond-expr","locations":[{"start":{"line":51,"column":14},"end":{"line":58,"column":null}},{"start":{"line":60,"column":14},"end":{"line":98,"column":null}}],"line":50},"1":{"loc":{"start":{"line":81,"column":23},"end":{"line":90,"column":null}},"type":"cond-expr","locations":[{"start":{"line":82,"column":24},"end":{"line":85,"column":null}},{"start":{"line":87,"column":24},"end":{"line":90,"column":null}}],"line":81}},"s":{"0":0,"1":0,"2":0,"3":0,"4":0,"5":0,"6":0,"7":0},"f":{"0":0,"1":0,"2":0,"3":0},"b":{"0":[0,0],"1":[0,0]},"meta":{"lastBranch":2,"lastFunction":4,"lastStatement":8,"seen":{"s:10:46:105:Infinity":0,"f:10:46:10:47":0,"s:11:21:14:Infinity":1,"f:11:21:11:22":1,"s:12:31:12:Infinity":2,"s:13:4:13:Infinity":3,"s:16:25:21:Infinity":4,"f:16:25:16:26":2,"s:17:4:20:Infinity":5,"s:23:2:103:Infinity":6,"b:51:14:58:Infinity:60:14:98:Infinity":0,"f:60:23:60:24":3,"s:61:16:97:Infinity":7,"b:82:24:85:Infinity:87:24:90:Infinity":1}}}
,"C:\\Users\\Pedro\\Desktop\\micro-saas\\WalletGuard\\src\\components\\relatorios\\ReceitaDespesaChart.tsx": {"path":"C:\\Users\\Pedro\\Desktop\\micro-saas\\WalletGuard\\src\\components\\relatorios\\ReceitaDespesaChart.tsx","statementMap":{"0":{"start":{"line":19,"column":52},"end":{"line":85,"column":null}},"1":{"start":{"line":20,"column":2},"end":{"line":29,"column":null}},"2":{"start":{"line":21,"column":4},"end":{"line":27,"column":null}},"3":{"start":{"line":31,"column":2},"end":{"line":83,"column":null}},"4":{"start":{"line":55,"column":40},"end":{"line":55,"column":null}},"5":{"start":{"line":65,"column":44},"end":{"line":65,"column":null}}},"fnMap":{"0":{"name":"(anonymous_0)","decl":{"start":{"line":19,"column":52},"end":{"line":19,"column":53}},"loc":{"start":{"line":19,"column":66},"end":{"line":85,"column":null}},"line":19},"1":{"name":"(anonymous_1)","decl":{"start":{"line":55,"column":29},"end":{"line":55,"column":30}},"loc":{"start":{"line":55,"column":40},"end":{"line":55,"column":null}},"line":55},"2":{"name":"(anonymous_2)","decl":{"start":{"line":65,"column":25},"end":{"line":65,"column":26}},"loc":{"start":{"line":65,"column":44},"end":{"line":65,"column":null}},"line":65}},"branchMap":{"0":{"loc":{"start":{"line":20,"column":2},"end":{"line":29,"column":null}},"type":"if","locations":[{"start":{"line":20,"column":2},"end":{"line":29,"column":null}},{"start":{},"end":{}}],"line":20},"1":{"loc":{"start":{"line":20,"column":6},"end":{"line":20,"column":34}},"type":"binary-expr","locations":[{"start":{"line":20,"column":6},"end":{"line":20,"column":15}},{"start":{"line":20,"column":15},"end":{"line":20,"column":34}}],"line":20}},"s":{"0":0,"1":0,"2":0,"3":0,"4":0,"5":0},"f":{"0":0,"1":0,"2":0},"b":{"0":[0,0],"1":[0,0]},"meta":{"lastBranch":2,"lastFunction":3,"lastStatement":6,"seen":{"s:19:52:85:Infinity":0,"f:19:52:19:53":0,"b:20:2:29:Infinity:undefined:undefined:undefined:undefined":0,"s:20:2:29:Infinity":1,"b:20:6:20:15:20:15:20:34":1,"s:21:4:27:Infinity":2,"s:31:2:83:Infinity":3,"f:55:29:55:30":1,"s:55:40:55:Infinity":4,"f:65:25:65:26":2,"s:65:44:65:Infinity":5}}}
,"C:\\Users\\Pedro\\Desktop\\micro-saas\\WalletGuard\\src\\components\\relatorios\\RelatorioFilters.tsx": {"path":"C:\\Users\\Pedro\\Desktop\\micro-saas\\WalletGuard\\src\\components\\relatorios\\RelatorioFilters.tsx","statementMap":{"0":{"start":{"line":15,"column":19},"end":{"line":26,"column":null}},"1":{"start":{"line":28,"column":58},"end":{"line":80,"column":null}},"2":{"start":{"line":34,"column":2},"end":{"line":78,"column":null}},"3":{"start":{"line":48,"column":27},"end":{"line":48,"column":null}},"4":{"start":{"line":54,"column":27},"end":{"line":54,"column":null}},"5":{"start":{"line":60,"column":12},"end":{"line":63,"column":null}},"6":{"start":{"line":65,"column":42},"end":{"line":65,"column":65}}},"fnMap":{"0":{"name":"(anonymous_0)","decl":{"start":{"line":28,"column":58},"end":{"line":28,"column":59}},"loc":{"start":{"line":33,"column":6},"end":{"line":80,"column":null}},"line":33},"1":{"name":"(anonymous_1)","decl":{"start":{"line":48,"column":20},"end":{"line":48,"column":21}},"loc":{"start":{"line":48,"column":27},"end":{"line":48,"column":null}},"line":48},"2":{"name":"(anonymous_2)","decl":{"start":{"line":54,"column":20},"end":{"line":54,"column":21}},"loc":{"start":{"line":54,"column":27},"end":{"line":54,"column":null}},"line":54},"3":{"name":"(anonymous_3)","decl":{"start":{"line":59,"column":20},"end":{"line":59,"column":21}},"loc":{"start":{"line":60,"column":12},"end":{"line":63,"column":null}},"line":60},"4":{"name":"(anonymous_4)","decl":{"start":{"line":65,"column":34},"end":{"line":65,"column":35}},"loc":{"start":{"line":65,"column":42},"end":{"line":65,"column":65}},"line":65}},"branchMap":{"0":{"loc":{"start":{"line":58,"column":17},"end":{"line":58,"column":null}},"type":"binary-expr","locations":[{"start":{"line":58,"column":17},"end":{"line":58,"column":37}},{"start":{"line":58,"column":37},"end":{"line":58,"column":null}}],"line":58},"1":{"loc":{"start":{"line":62,"column":24},"end":{"line":62,"column":null}},"type":"cond-expr","locations":[{"start":{"line":62,"column":53},"end":{"line":62,"column":65}},{"start":{"line":62,"column":65},"end":{"line":62,"column":null}}],"line":62}},"s":{"0":0,"1":0,"2":0,"3":0,"4":0,"5":0,"6":0},"f":{"0":0,"1":0,"2":0,"3":0,"4":0},"b":{"0":[0,0],"1":[0,0]},"meta":{"lastBranch":2,"lastFunction":5,"lastStatement":7,"seen":{"s:15:19:26:Infinity":0,"s:28:58:80:Infinity":1,"f:28:58:28:59":0,"s:34:2:78:Infinity":2,"f:48:20:48:21":1,"s:48:27:48:Infinity":3,"f:54:20:54:21":2,"s:54:27:54:Infinity":4,"b:58:17:58:37:58:37:58:Infinity":0,"f:59:20:59:21":3,"s:60:12:63:Infinity":5,"b:62:53:62:65:62:65:62:Infinity":1,"f:65:34:65:35":4,"s:65:42:65:65":6}}}
[...]
{"start":{"line":63,"column":21},"end":{"line":63,"column":37}},{"start":{"line":63,"column":37},"end":{"line":63,"column":null}}],"line":63},"9":{"loc":{"start":{"line":64,"column":21},"end":{"line":64,"column":null}},"type":"binary-expr","locations":[{"start":{"line":64,"column":21},"end":{"line":64,"column":37}},{"start":{"line":64,"column":37},"end":{"line":64,"column":null}}],"line":64},"10":{"loc":{"start":{"line":65,"column":25},"end":{"line":65,"column":null}},"type":"binary-expr","locations":[{"start":{"line":65,"column":25},"end":{"line":65,"column":45}},{"start":{"line":65,"column":45},"end":{"line":65,"column":null}}],"line":65},"11":{"loc":{"start":{"line":105,"column":20},"end":{"line":111,"column":null}},"type":"cond-expr","locations":[{"start":{"line":106,"column":10},"end":{"line":110,"column":null}},{"start":{"line":111,"column":10},"end":{"line":111,"column":null}}],"line":105},"12":{"loc":{"start":{"line":112,"column":20},"end":{"line":118,"column":null}},"type":"cond-expr","locations":[{"start":{"line":113,"column":10},"end":{"line":117,"column":null}},{"start":{"line":118,"column":10},"end":{"line":118,"column":null}}],"line":112},"13":{"loc":{"start":{"line":130,"column":22},"end":{"line":135,"column":null}},"type":"binary-expr","locations":[{"start":{"line":130,"column":22},"end":{"line":130,"column":48}},{"start":{"line":130,"column":48},"end":{"line":135,"column":null}}],"line":130},"14":{"loc":{"start":{"line":143,"column":22},"end":{"line":148,"column":null}},"type":"binary-expr","locations":[{"start":{"line":143,"column":22},"end":{"line":143,"column":48}},{"start":{"line":143,"column":48},"end":{"line":148,"column":null}}],"line":143},"15":{"loc":{"start":{"line":156,"column":22},"end":{"line":161,"column":null}},"type":"binary-expr","locations":[{"start":{"line":156,"column":22},"end":{"line":156,"column":48}},{"start":{"line":156,"column":48},"end":{"line":161,"column":null}}],"line":156},"16":{"loc":{"start":{"line":175,"column":18},"end":{"line":175,"column":null}},"type":"binary-expr","locations":[{"start":{"line":175,"column":18},"end":{"line":175,"column":32}},{"start":{"line":175,"column":32},"end":{"line":175,"column":null}}],"line":175},"17":{"loc":{"start":{"line":176,"column":28},"end":{"line":176,"column":57}},"type":"binary-expr","locations":[{"start":{"line":176,"column":28},"end":{"line":176,"column":52}},{"start":{"line":176,"column":52},"end":{"line":176,"column":57}}],"line":176},"18":{"loc":{"start":{"line":180,"column":18},"end":{"line":180,"column":null}},"type":"binary-expr","locations":[{"start":{"line":180,"column":18},"end":{"line":180,"column":32}},{"start":{"line":180,"column":32},"end":{"line":180,"column":null}}],"line":180},"19":{"loc":{"start":{"line":181,"column":28},"end":{"line":181,"column":57}},"type":"binary-expr","locations":[{"start":{"line":181,"column":28},"end":{"line":181,"column":52}},{"start":{"line":181,"column":52},"end":{"line":181,"column":57}}],"line":181},"20":{"loc":{"start":{"line":200,"column":20},"end":{"line":200,"column":40}},"type":"default-arg","locations":[{"start":{"line":200,"column":37},"end":{"line":200,"column":40}}],"line":200},"21":{"loc":{"start":{"line":204,"column":4},"end":{"line":204,"column":null}},"type":"if","locations":[{"start":{"line":204,"column":4},"end":{"line":204,"column":null}},{"start":{},"end":{}}],"line":204},"22":{"loc":{"start":{"line":246,"column":8},"end":{"line":254,"column":null}},"type":"if","locations":[{"start":{"line":246,"column":8},"end":{"line":254,"column":null}},{"start":{"line":248,"column":8},"end":{"line":254,"column":null}}],"line":246},"23":{"loc":{"start":{"line":248,"column":8},"end":{"line":254,"column":null}},"type":"if","locations":[{"start":{"line":248,"column":8},"end":{"line":254,"column":null}},{"start":{"line":250,"column":8},"end":{"line":254,"column":null}}],"line":248},"24":{"loc":{"start":{"line":250,"column":8},"end":{"line":254,"column":null}},"type":"if","locations":[{"start":{"line":250,"column":8},"end":{"line":254,"column":null}},{"start":{"line":252,"column":15},"end":{"line":254,"column":null}}],"line":250},"25":{"loc":{"start":{"line":268,"column":8},"end":{"line":276,"column":null}},"type":"if","locations":[{"start":{"line":268,"column":8},"end":{"line":276,"column":null}},{"start":{"line":270,"column":8},"end":{"line":276,"column":null}}],"line":268},"26":{"loc":{"start":{"line":270,"column":8},"end":{"line":276,"column":null}},"type":"if","locations":[{"start":{"line":270,"column":8},"end":{"line":276,"column":null}},{"start":{"line":272,"column":8},"end":{"line":276,"column":null}}],"line":270},"27":{"loc":{"start":{"line":272,"column":8},"end":{"line":276,"column":null}},"type":"if","locations":[{"start":{"line":272,"column":8},"end":{"line":276,"column":null}},{"start":{"line":274,"column":15},"end":{"line":276,"column":null}}],"line":272}},"s":{"0":0,"1":0,"2":0,"3":0,"4":0,"5":0,"6":0,"7":0,"8":0,"9":0,"10":0,"11":0,"12":0,"13":0,"14":0,"15":0,"16":0,"17":0,"18":0,"19":0,"20":0,"21":0,"22":0,"23":0,"24":0,"25":0,"26":0,"27":0,"28":0,"29":0,"30":0,"31":0,"32":0,"33":0,"34":0,"35":0,"36":0,"37":0,"38":0,"39":0,"40":0,"41":0,"42":0,"43":0,"44":0,"45":0,"46":0,"47":0,"48":0,"49":0,"50":0,"51":0,"52":0,"53":0,"54":0,"55":0,"56":0,"57":0,"58":0,"59":0,"60":0,"61":0,"62":0,"63":0,"64":0,"65":0,"66":0,"67":0,"68":0,"69":0,"70":0,"71":0,"72":0,"73":0,"74":0,"75":0,"76":0,"77":0,"78":0,"79":0,"80":0,"81":0,"82":0,"83":0,"84":0,"85":0,"86":0,"87":0,"88":0,"89":0,"90":0,"91":0,"92":0,"93":0,"94":0,"95":0,"96":0,"97":0,"98":0,"99":0,"100":0,"101":0,"102":0,"103":0,"104":0,"105":0,"106":0,"107":0,"108":0,"109":0,"110":0,"111":0,"112":0,"113":0},"f":{"0":0,"1":0,"2":0,"3":0,"4":0,"5":0,"6":0,"7":0,"8":0,"9":0,"10":0,"11":0,"12":0,"13":0,"14":0,"15":0,"16":0,"17":0,"18":0,"19":0,"20":0,"21":0},"b":{"0":[0,0],"1":[0,0],"2":[0,0],"3":[0,0],"4":[0,0],"5":[0,0],"6":[0,0],"7":[0,0],"8":[0,0],"9":[0,0],"10":[0,0],"11":[0,0],"12":[0,0],"13":[0,0],"14":[0,0],"15":[0,0],"16":[0,0],"17":[0,0],"18":[0,0],"19":[0,0],"20":[0],"21":[0,0],"22":[0,0],"23":[0,0],"24":[0,0],"25":[0,0],"26":[0,0],"27":[0,0]},"meta":{"lastBranch":28,"lastFunction":22,"lastStatement":114,"seen":{"s:11:33:283:Infinity":0,"f:12:8:12:17":0,"s:15:8:15:Infinity":1,"b:16:4:16:Infinity:undefined:undefined:undefined:undefined":0,"s:16:4:16:Infinity":2,"s:16:15:16:Infinity":3,"s:19:24:24:Infinity":4,"b:26:4:27:Infinity:undefined:undefined:undefined:undefined":1,"s:26:4:27:Infinity":5,"s:27:6:27:Infinity":6,"s:29:57:29:Infinity":7,"b:30:4:30:Infinity:undefined:undefined:undefined:undefined":2,"s:30:4:30:Infinity":8,"s:30:23:30:Infinity":9,"s:33:24:38:Infinity":10,"b:40:4:41:Infinity:undefined:undefined:undefined:undefined":3,"s:40:4:41:Infinity":11,"s:41:6:41:Infinity":12,"s:43:57:43:Infinity":13,"b:44:4:44:Infinity:undefined:undefined:undefined:undefined":4,"s:44:4:44:Infinity":14,"s:44:23:44:Infinity":15,"s:47:28:52:Infinity":16,"b:54:4:55:Infinity:undefined:undefined:undefined:undefined":5,"s:54:4:55:Infinity":17,"s:55:6:55:Infinity":18,"b:56:4:57:Infinity:undefined:undefined:undefined:undefined":6,"s:56:4:57:Infinity":19,"s:57:6:57:Infinity":20,"s:60:6:60:Infinity":21,"b:61:4:61:Infinity:undefined:undefined:undefined:undefined":7,"s:61:4:61:Infinity":22,"s:61:19:61:Infinity":23,"s:63:21:63:Infinity":24,"b:63:21:63:37:63:37:63:Infinity":8,"s:64:21:64:Infinity":25,"b:64:21:64:37:64:37:64:Infinity":9,"s:65:25:65:Infinity":26,"b:65:25:65:45:65:45:65:Infinity":10,"s:70:26:73:Infinity":27,"f:71:6:71:7":1,"s:71:21:71:Infinity":28,"s:74:32:77:Infinity":29,"f:75:6:75:7":2,"s:75:21:75:Infinity":30,"s:78:30:81:Infinity":31,"f:79:6:79:7":3,"s:79:21:79:Infinity":32,"s:82:26:82:Infinity":33,"s:84:25:86:Infinity":34,"f:85:6:85:7":4,"s:85:16:85:Infinity":35,"s:87:26:98:Infinity":36,"f:88:22:88:23":5,"s:88:30:92:8":37,"f:93:26:93:27":6,"s:93:34:97:8":38,"s:99:25:99:Infinity":39,"f:99:44:99:45":7,"s:99:54:99:71":40,"s:101:37:119:Infinity":41,"b:106:10:110:Infinity:111:10:111:Infinity":11,"b:113:10:117:Infinity:118:10:118:Infinity":12,"s:123:25:123:Infinity":42,"s:128:4:139:Infinity":43,"f:128:21:128:22":8,"s:129:19:129:Infinity":44,"s:130:22:135:Infinity":45,"b:130:22:130:48:130:48:135:Infinity":13,"s:136:6:136:Infinity":46,"s:137:6:137:Infinity":47,"s:138:6:138:Infinity":48,"s:141:4:152:Infinity":49,"f:141:21:141:22":9,"s:142:19:142:Infinity":50,"s:143:22:148:Infinity":51,"b:143:22:143:48:143:48:148:Infinity":14,"s:149:6:149:Infinity":52,"s:150:6:150:Infinity":53,"s:151:6:151:Infinity":54,"s:154:4:165:Infinity":55,"f:154:25:154:26":10,"s:155:19:155:Infinity":56,"s:156:22:161:Infinity":57,"b:156:22:156:48:156:48:161:Infinity":15,"s:162:6:162:Infinity":58,"s:163:6:163:Infinity":59,"s:164:6:164:Infinity":60,"s:167:27:169:Infinity":61,"f:168:12:168:13":11,"s:168:22:168:46":62,"f:169:11:169:12":12,"s:169:22:169:30":63,"s:172:24:172:Infinity":64,"s:174:4:177:Infinity":65,"f:174:21:174:22":13,"s:175:18:175:Infinity":66,"b:175:18:175:32:175:32:175:Infinity":16,"s:176:6:176:Infinity":67,"b:176:28:176:52:176:52:176:57":17,"s:179:4:182:Infinity":68,"f:179:25:179:26":14,"s:180:18:180:Infinity":69,"b:180:18:180:32:180:32:180:Infinity":18,"s:181:6:181:Infinity":70,"b:181:28:181:52:181:52:181:57":19,"s:184:42:191:Infinity":71,"f:185:11:185:12":15,"s:185:31:190:8":72,"f:191:12:191:13":16,"s:191:22:191:39":73,"s:193:4:197:Infinity":74,"f:200:8:200:20":17,"b:200:37:200:40":20,"s:203:8:203:Infinity":75,"b:204:4:204:Infinity:undefined:undefined:undefined:undefined":21,"s:204:4:204:Infinity":76,"s:204:15:204:Infinity":77,"s:206:22:206:Infinity":78,"s:207:10:207:Infinity":79,"s:208:21:208:Infinity":80,"s:209:19:209:Infinity":81,"s:211:38:211:Infinity":82,"s:214:35:219:Infinity":83,"s:221:4:230:Infinity":84,"f:221:26:221:27":18,"s:222:6:229:Infinity":85,"s:235:40:239:Infinity":86,"s:242:4:278:Infinity":87,"f:242:31:242:32":19,"s:243:24:243:Infinity":88,"s:245:6:255:Infinity":89,"b:246:8:254:Infinity:248:8:254:Infinity":22,"s:246:8:254:Infinity":90,"s:247:10:247:Infinity":91,"b:248:8:254:Infinity:250:8:254:Infinity":23,"s:248:8:254:Infinity":92,"s:249:10:249:Infinity":93,"b:250:8:254:Infinity:252:15:254:Infinity":24,"s:250:8:254:Infinity":94,"s:251:10:251:Infinity":95,"s:253:10:253:Infinity":96,"s:258:6:277:Infinity":97,"s:259:8:266:Infinity":98,"b:268:8:276:Infinity:270:8:276:Infinity":25,"s:268:8:276:Infinity":99,"s:269:10:269:Infinity":100,"b:270:8:276:Infinity:272:8:276:Infinity":26,"s:270:8:276:Infinity":101,"s:271:10:271:Infinity":102,"b:272:8:276:Infinity:274:15:276:Infinity":27,"s:272:8:276:Infinity":103,"s:273:10:273:Infinity":104,"s:275:10:275:Infinity":105,"s:281:4:281:Infinity":106,"f:281:26:281:27":20,"s:281:36:281:64":107,"f:286:9:286:23":21,"s:287:17:298:Infinity":108,"s:299:13:299:Infinity":109,"s:300:2:302:Infinity":110,"s:300:15:300:18":111,"s:301:4:301:Infinity":112,"s:303:2:303:Infinity":113}}}
,"C:\\Users\\Pedro\\Desktop\\micro-saas\\WalletGuard\\src\\services\\supabase.ts": {"path":"C:\\Users\\Pedro\\Desktop\\micro-saas\\WalletGuard\\src\\services\\supabase.ts","statementMap":{"0":{"start":{"line":3,"column":20},"end":{"line":3,"column":null}},"1":{"start":{"line":4,"column":24},"end":{"line":4,"column":null}},"2":{"start":{"line":6,"column":0},"end":{"line":8,"column":null}},"3":{"start":{"line":7,"column":2},"end":{"line":7,"column":null}},"4":{"start":{"line":10,"column":13},"end":{"line":10,"column":null}}},"fnMap":{},"branchMap":{"0":{"loc":{"start":{"line":6,"column":0},"end":{"line":8,"column":null}},"type":"if","locations":[{"start":{"line":6,"column":0},"end":{"line":8,"column":null}},{"start":{},"end":{}}],"line":6},"1":{"loc":{"start":{"line":6,"column":4},"end":{"line":6,"column":38}},"type":"binary-expr","locations":[{"start":{"line":6,"column":4},"end":{"line":6,"column":20}},{"start":{"line":6,"column":20},"end":{"line":6,"column":38}}],"line":6}},"s":{"0":0,"1":0,"2":0,"3":0,"4":0},"f":{},"b":{"0":[0,0],"1":[0,0]},"meta":{"lastBranch":2,"lastFunction":0,"lastStatement":5,"seen":{"s:3:20:3:Infinity":0,"s:4:24:4:Infinity":1,"b:6:0:8:Infinity:undefined:undefined:undefined:undefined":0,"s:6:0:8:Infinity":2,"b:6:4:6:20:6:20:6:38":1,"s:7:2:7:Infinity":3,"s:10:13:10:Infinity":4}}}
,"C:\\Users\\Pedro\\Desktop\\micro-saas\\WalletGuard\\src\\services\\user.service.ts": {"path":"C:\\Users\\Pedro\\Desktop\\micro-saas\\WalletGuard\\src\\services\\user.service.ts","statementMap":{"0":{"start":{"line":3,"column":27},"end":{"line":89,"column":null}},"1":{"start":{"line":7,"column":8},"end":{"line":7,"column":null}},"2":{"start":{"line":8,"column":4},"end":{"line":8,"column":null}},"3":{"start":{"line":8,"column":15},"end":{"line":8,"column":null}},"4":{"start":{"line":10,"column":20},"end":{"line":10,"column":null}},"5":{"start":{"line":11,"column":21},"end":{"line":11,"column":null}},"6":{"start":{"line":12,"column":21},"end":{"line":12,"column":null}},"7":{"start":{"line":14,"column":35},"end":{"line":16,"column":null}},"8":{"start":{"line":18,"column":4},"end":{"line":18,"column":null}},"9":{"start":{"line":18,"column":21},"end":{"line":18,"column":null}},"10":{"start":{"line":22,"column":8},"end":{"line":22,"column":null}},"11":{"start":{"line":24,"column":4},"end":{"line":24,"column":null}},"12":{"start":{"line":26,"column":4},"end":{"line":26,"column":null}},"13":{"start":{"line":32,"column":8},"end":{"line":32,"column":null}},"14":{"start":{"line":33,"column":4},"end":{"line":33,"column":null}},"15":{"start":{"line":33,"column":15},"end":{"line":33,"column":null}},"16":{"start":{"line":35,"column":25},"end":{"line":35,"column":null}},"17":{"start":{"line":36,"column":4},"end":{"line":36,"column":null}},"18":{"start":{"line":36,"column":19},"end":{"line":36,"column":null}},"19":{"start":{"line":39,"column":33},"end":{"line":41,"column":null}},"20":{"start":{"line":42,"column":4},"end":{"line":42,"column":null}},"21":{"start":{"line":42,"column":19},"end":{"line":42,"column":null}},"22":{"start":{"line":45,"column":31},"end":{"line":48,"column":null}},"23":{"start":{"line":50,"column":4},"end":{"line":50,"column":null}},"24":{"start":{"line":50,"column":17},"end":{"line":50,"column":null}},"25":{"start":{"line":54,"column":22},"end":{"line":54,"column":null}},"26":{"start":{"line":55,"column":4},"end":{"line":55,"column":null}},"27":{"start":{"line":55,"column":15},"end":{"line":55,"column":null}},"28":{"start":{"line":61,"column":8},"end":{"line":61,"column":null}},"29":{"start":{"line":62,"column":4},"end":{"line":62,"column":null}},"30":{"start":{"line":62,"column":15},"end":{"line":62,"column":null}},"31":{"start":{"line":64,"column":31},"end":{"line":67,"column":null}},"32":{"start":{"line":68,"column":31},"end":{"line":71,"column":null}},"33":{"start":{"line":72,"column":29},"end":{"line":75,"column":null}},"34":{"start":{"line":76,"column":30},"end":{"line":79,"column":null}},"35":{"start":{"line":81,"column":4},"end":{"line":87,"column":null}}},"fnMap":{"0":{"name":"(anonymous_0)","decl":{"start":{"line":4,"column":8},"end":{"line":4,"column":21}},"loc":{"start":{"line":4,"column":33},"end":{"line":27,"column":null}},"line":4},"1":{"name":"(anonymous_1)","decl":{"start":{"line":29,"column":8},"end":{"line":29,"column":22}},"loc":{"start":{"line":29,"column":56},"end":{"line":51,"column":null}},"line":29},"2":{"name":"(anonymous_2)","decl":{"start":{"line":53,"column":8},"end":{"line":53,"column":23}},"loc":{"start":{"line":53,"column":41},"end":{"line":56,"column":null}},"line":53},"3":{"name":"(anonymous_3)","decl":{"start":{"line":58,"column":8},"end":{"line":58,"column":21}},"loc":{"start":{"line":58,"column":21},"end":{"line":88,"column":null}},"line":58}},"branchMap":{"0":{"loc":{"start":{"line":8,"column":4},"end":{"line":8,"column":null}},"type":"if","locations":[{"start":{"line":8,"column":4},"end":{"line":8,"column":null}},{"start":{},"end":{}}],"line":8},"1":{"loc":{"start":{"line":18,"column":4},"end":{"line":18,"column":null}},"type":"if","locations":[{"start":{"line":18,"column":4},"end":{"line":18,"column":null}},{"start":{},"end":{}}],"line":18},"2":{"loc":{"start":{"line":24,"column":29},"end":{"line":24,"column":60}},"type":"binary-expr","locations":[{"start":{"line":24,"column":29},"end":{"line":24,"column":56}},{"start":{"line":24,"column":56},"end":{"line":24,"column":60}}],"line":24},"3":{"loc":{"start":{"line":33,"column":4},"end":{"line":33,"column":null}},"type":"if","locations":[{"start":{"line":33,"column":4},"end":{"line":33,"column":null}},{"start":{},"end":{}}],"line":33},"4":{"loc":{"start":{"line":36,"column":4},"end":{"line":36,"column":null}},"type":"if","locations":[{"start":{"line":36,"column":4},"end":{"line":36,"column":null}},{"start":{},"end":{}}],"line":36},"5":{"loc":{"start":{"line":42,"column":4},"end":{"line":42,"column":null}},"type":"if","locations":[{"start":{"line":42,"column":4},"end":{"line":42,"column":null}},{"start":{},"end":{}}],"line":42},"6":{"loc":{"start":{"line":50,"column":4},"end":{"line":50,"column":null}},"type":"if","locations":[{"start":{"line":50,"column":4},"end":{"line":50,"column":null}},{"start":{},"end":{}}],"line":50},"7":{"loc":{"start":{"line":55,"column":4},"end":{"line":55,"column":null}},"type":"if","locations":[{"start":{"line":55,"column":4},"end":{"line":55,"column":null}},{"start":{},"end":{}}],"line":55},"8":{"loc":{"start":{"line":62,"column":4},"end":{"line":62,"column":null}},"type":"if","locations":[{"start":{"line":62,"column":4},"end":{"line":62,"column":null}},{"start":{},"end":{}}],"line":62}},"s":{"0":0,"1":0,"2":0,"3":0,"4":0,"5":0,"6":0,"7":0,"8":0,"9":0,"10":0,"11":0,"12":0,"13":0,"14":0,"15":0,"16":0,"17":0,"18":0,"19":0,"20":0,"21":0,"22":0,"23":0,"24":0,"25":0,"26":0,"27":0,"28":0,"29":0,"30":0,"31":0,"32":0,"33":0,"34":0,"35":0},"f":{"0":0,"1":0,"2":0,"3":0},"b":{"0":[0,0],"1":[0,0],"2":[0,0],"3":[0,0],"4":[0,0],"5":[0,0],"6":[0,0],"7":[0,0],"8":[0,0]},"meta":{"lastBranch":9,"lastFunction":4,"lastStatement":36,"seen":{"s:3:27:89:Infinity":0,"f:4:8:4:21":0,"s:7:8:7:Infinity":1,"b:8:4:8:Infinity:undefined:undefined:undefined:undefined":0,"s:8:4:8:Infinity":2,"s:8:15:8:Infinity":3,"s:10:20:10:Infinity":4,"s:11:21:11:Infinity":5,"s:12:21:12:Infinity":6,"s:14:35:16:Infinity":7,"b:18:4:18:Infinity:undefined:undefined:undefined:undefined":1,"s:18:4:18:Infinity":8,"s:18:21:18:Infinity":9,"s:22:8:22:Infinity":10,"s:24:4:24:Infinity":11,"b:24:29:24:56:24:56:24:60":2,"s:26:4:26:Infinity":12,"f:29:8:29:22":1,"s:32:8:32:Infinity":13,"b:33:4:33:Infinity:undefined:undefined:undefined:undefined":3,"s:33:4:33:Infinity":14,"s:33:15:33:Infinity":15,"s:35:25:35:Infinity":16,"b:36:4:36:Infinity:undefined:undefined:undefined:undefined":4,"s:36:4:36:Infinity":17,"s:36:19:36:Infinity":18,"s:39:33:41:Infinity":19,"b:42:4:42:Infinity:undefined:undefined:undefined:undefined":5,"s:42:4:42:Infinity":20,"s:42:19:42:Infinity":21,"s:45:31:48:Infinity":22,"b:50:4:50:Infinity:undefined:undefined:undefined:undefined":6,"s:50:4:50:Infinity":23,"s:50:17:50:Infinity":24,"f:53:8:53:23":2,"s:54:22:54:Infinity":25,"b:55:4:55:Infinity:undefined:undefined:undefined:undefined":7,"s:55:4:55:Infinity":26,"s:55:15:55:Infinity":27,"f:58:8:58:21":3,"s:61:8:61:Infinity":28,"b:62:4:62:Infinity:undefined:undefined:undefined:undefined":8,"s:62:4:62:Infinity":29,"s:62:15:62:Infinity":30,"s:64:31:67:Infinity":31,"s:68:31:71:Infinity":32,"s:72:29:75:Infinity":33,"s:76:30:79:Infinity":34,"s:81:4:87:Infinity":35}}}
,"C:\\Users\\Pedro\\Desktop\\micro-saas\\WalletGuard\\src\\utils\\cn.ts": {"path":"C:\\Users\\Pedro\\Desktop\\micro-saas\\WalletGuard\\src\\utils\\cn.ts","statementMap":{"0":{"start":{"line":5,"column":2},"end":{"line":5,"column":null}}},"fnMap":{"0":{"name":"cn","decl":{"start":{"line":4,"column":16},"end":{"line":4,"column":22}},"loc":{"start":{"line":4,"column":44},"end":{"line":6,"column":null}},"line":4}},"branchMap":{},"s":{"0":0},"f":{"0":0},"b":{},"meta":{"lastBranch":0,"lastFunction":1,"lastStatement":1,"seen":{"f:4:16:4:22":0,"s:5:2:5:Infinity":0}}}
}
